ARM GAS  /tmp/ccWDcJzF.s 			page 1


   1              		.cpu cortex-m4
   2              		.eabi_attribute 27, 1
   3              		.eabi_attribute 28, 1
   4              		.eabi_attribute 20, 1
   5              		.eabi_attribute 21, 1
   6              		.eabi_attribute 23, 3
   7              		.eabi_attribute 24, 1
   8              		.eabi_attribute 25, 1
   9              		.eabi_attribute 26, 1
  10              		.eabi_attribute 30, 2
  11              		.eabi_attribute 34, 1
  12              		.eabi_attribute 18, 4
  13              		.file	"stm32f4xx_hal_pwr_ex.c"
  14              		.text
  15              	.Ltext0:
  16              		.cfi_sections	.debug_frame
  17              		.section	.text.HAL_PWREx_EnableBkUpReg,"ax",%progbits
  18              		.align	1
  19              		.p2align 2,,3
  20              		.global	HAL_PWREx_EnableBkUpReg
  21              		.syntax unified
  22              		.thumb
  23              		.thumb_func
  24              		.fpu fpv4-sp-d16
  26              	HAL_PWREx_EnableBkUpReg:
  27              	.LFB124:
  28              		.file 1 "Drivers/STM32F4xx_HAL_Driver/Src/stm32f4xx_hal_pwr_ex.c"
   1:Drivers/STM32F4xx_HAL_Driver/Src/stm32f4xx_hal_pwr_ex.c **** /**
   2:Drivers/STM32F4xx_HAL_Driver/Src/stm32f4xx_hal_pwr_ex.c ****   ******************************************************************************
   3:Drivers/STM32F4xx_HAL_Driver/Src/stm32f4xx_hal_pwr_ex.c ****   * @file    stm32f4xx_hal_pwr_ex.c
   4:Drivers/STM32F4xx_HAL_Driver/Src/stm32f4xx_hal_pwr_ex.c ****   * @author  MCD Application Team
   5:Drivers/STM32F4xx_HAL_Driver/Src/stm32f4xx_hal_pwr_ex.c ****   * @brief   Extended PWR HAL module driver.
   6:Drivers/STM32F4xx_HAL_Driver/Src/stm32f4xx_hal_pwr_ex.c ****   *          This file provides firmware functions to manage the following 
   7:Drivers/STM32F4xx_HAL_Driver/Src/stm32f4xx_hal_pwr_ex.c ****   *          functionalities of PWR extension peripheral:           
   8:Drivers/STM32F4xx_HAL_Driver/Src/stm32f4xx_hal_pwr_ex.c ****   *           + Peripheral Extended features functions
   9:Drivers/STM32F4xx_HAL_Driver/Src/stm32f4xx_hal_pwr_ex.c ****   *         
  10:Drivers/STM32F4xx_HAL_Driver/Src/stm32f4xx_hal_pwr_ex.c ****   ******************************************************************************
  11:Drivers/STM32F4xx_HAL_Driver/Src/stm32f4xx_hal_pwr_ex.c ****   * @attention
  12:Drivers/STM32F4xx_HAL_Driver/Src/stm32f4xx_hal_pwr_ex.c ****   *
  13:Drivers/STM32F4xx_HAL_Driver/Src/stm32f4xx_hal_pwr_ex.c ****   * <h2><center>&copy; COPYRIGHT(c) 2017 STMicroelectronics</center></h2>
  14:Drivers/STM32F4xx_HAL_Driver/Src/stm32f4xx_hal_pwr_ex.c ****   *
  15:Drivers/STM32F4xx_HAL_Driver/Src/stm32f4xx_hal_pwr_ex.c ****   * Redistribution and use in source and binary forms, with or without modification,
  16:Drivers/STM32F4xx_HAL_Driver/Src/stm32f4xx_hal_pwr_ex.c ****   * are permitted provided that the following conditions are met:
  17:Drivers/STM32F4xx_HAL_Driver/Src/stm32f4xx_hal_pwr_ex.c ****   *   1. Redistributions of source code must retain the above copyright notice,
  18:Drivers/STM32F4xx_HAL_Driver/Src/stm32f4xx_hal_pwr_ex.c ****   *      this list of conditions and the following disclaimer.
  19:Drivers/STM32F4xx_HAL_Driver/Src/stm32f4xx_hal_pwr_ex.c ****   *   2. Redistributions in binary form must reproduce the above copyright notice,
  20:Drivers/STM32F4xx_HAL_Driver/Src/stm32f4xx_hal_pwr_ex.c ****   *      this list of conditions and the following disclaimer in the documentation
  21:Drivers/STM32F4xx_HAL_Driver/Src/stm32f4xx_hal_pwr_ex.c ****   *      and/or other materials provided with the distribution.
  22:Drivers/STM32F4xx_HAL_Driver/Src/stm32f4xx_hal_pwr_ex.c ****   *   3. Neither the name of STMicroelectronics nor the names of its contributors
  23:Drivers/STM32F4xx_HAL_Driver/Src/stm32f4xx_hal_pwr_ex.c ****   *      may be used to endorse or promote products derived from this software
  24:Drivers/STM32F4xx_HAL_Driver/Src/stm32f4xx_hal_pwr_ex.c ****   *      without specific prior written permission.
  25:Drivers/STM32F4xx_HAL_Driver/Src/stm32f4xx_hal_pwr_ex.c ****   *
  26:Drivers/STM32F4xx_HAL_Driver/Src/stm32f4xx_hal_pwr_ex.c ****   * THIS SOFTWARE IS PROVIDED BY THE COPYRIGHT HOLDERS AND CONTRIBUTORS "AS IS"
  27:Drivers/STM32F4xx_HAL_Driver/Src/stm32f4xx_hal_pwr_ex.c ****   * AND ANY EXPRESS OR IMPLIED WARRANTIES, INCLUDING, BUT NOT LIMITED TO, THE
  28:Drivers/STM32F4xx_HAL_Driver/Src/stm32f4xx_hal_pwr_ex.c ****   * IMPLIED WARRANTIES OF MERCHANTABILITY AND FITNESS FOR A PARTICULAR PURPOSE ARE
  29:Drivers/STM32F4xx_HAL_Driver/Src/stm32f4xx_hal_pwr_ex.c ****   * DISCLAIMED. IN NO EVENT SHALL THE COPYRIGHT HOLDER OR CONTRIBUTORS BE LIABLE
  30:Drivers/STM32F4xx_HAL_Driver/Src/stm32f4xx_hal_pwr_ex.c ****   * FOR ANY DIRECT, INDIRECT, INCIDENTAL, SPECIAL, EXEMPLARY, OR CONSEQUENTIAL
ARM GAS  /tmp/ccWDcJzF.s 			page 2


  31:Drivers/STM32F4xx_HAL_Driver/Src/stm32f4xx_hal_pwr_ex.c ****   * DAMAGES (INCLUDING, BUT NOT LIMITED TO, PROCUREMENT OF SUBSTITUTE GOODS OR
  32:Drivers/STM32F4xx_HAL_Driver/Src/stm32f4xx_hal_pwr_ex.c ****   * SERVICES; LOSS OF USE, DATA, OR PROFITS; OR BUSINESS INTERRUPTION) HOWEVER
  33:Drivers/STM32F4xx_HAL_Driver/Src/stm32f4xx_hal_pwr_ex.c ****   * CAUSED AND ON ANY THEORY OF LIABILITY, WHETHER IN CONTRACT, STRICT LIABILITY,
  34:Drivers/STM32F4xx_HAL_Driver/Src/stm32f4xx_hal_pwr_ex.c ****   * OR TORT (INCLUDING NEGLIGENCE OR OTHERWISE) ARISING IN ANY WAY OUT OF THE USE
  35:Drivers/STM32F4xx_HAL_Driver/Src/stm32f4xx_hal_pwr_ex.c ****   * OF THIS SOFTWARE, EVEN IF ADVISED OF THE POSSIBILITY OF SUCH DAMAGE.
  36:Drivers/STM32F4xx_HAL_Driver/Src/stm32f4xx_hal_pwr_ex.c ****   *
  37:Drivers/STM32F4xx_HAL_Driver/Src/stm32f4xx_hal_pwr_ex.c ****   ******************************************************************************
  38:Drivers/STM32F4xx_HAL_Driver/Src/stm32f4xx_hal_pwr_ex.c ****   */ 
  39:Drivers/STM32F4xx_HAL_Driver/Src/stm32f4xx_hal_pwr_ex.c **** 
  40:Drivers/STM32F4xx_HAL_Driver/Src/stm32f4xx_hal_pwr_ex.c **** /* Includes ------------------------------------------------------------------*/
  41:Drivers/STM32F4xx_HAL_Driver/Src/stm32f4xx_hal_pwr_ex.c **** #include "stm32f4xx_hal.h"
  42:Drivers/STM32F4xx_HAL_Driver/Src/stm32f4xx_hal_pwr_ex.c **** 
  43:Drivers/STM32F4xx_HAL_Driver/Src/stm32f4xx_hal_pwr_ex.c **** /** @addtogroup STM32F4xx_HAL_Driver
  44:Drivers/STM32F4xx_HAL_Driver/Src/stm32f4xx_hal_pwr_ex.c ****   * @{
  45:Drivers/STM32F4xx_HAL_Driver/Src/stm32f4xx_hal_pwr_ex.c ****   */
  46:Drivers/STM32F4xx_HAL_Driver/Src/stm32f4xx_hal_pwr_ex.c **** 
  47:Drivers/STM32F4xx_HAL_Driver/Src/stm32f4xx_hal_pwr_ex.c **** /** @defgroup PWREx PWREx
  48:Drivers/STM32F4xx_HAL_Driver/Src/stm32f4xx_hal_pwr_ex.c ****   * @brief PWR HAL module driver
  49:Drivers/STM32F4xx_HAL_Driver/Src/stm32f4xx_hal_pwr_ex.c ****   * @{
  50:Drivers/STM32F4xx_HAL_Driver/Src/stm32f4xx_hal_pwr_ex.c ****   */
  51:Drivers/STM32F4xx_HAL_Driver/Src/stm32f4xx_hal_pwr_ex.c **** 
  52:Drivers/STM32F4xx_HAL_Driver/Src/stm32f4xx_hal_pwr_ex.c **** #ifdef HAL_PWR_MODULE_ENABLED
  53:Drivers/STM32F4xx_HAL_Driver/Src/stm32f4xx_hal_pwr_ex.c **** 
  54:Drivers/STM32F4xx_HAL_Driver/Src/stm32f4xx_hal_pwr_ex.c **** /* Private typedef -----------------------------------------------------------*/
  55:Drivers/STM32F4xx_HAL_Driver/Src/stm32f4xx_hal_pwr_ex.c **** /* Private define ------------------------------------------------------------*/
  56:Drivers/STM32F4xx_HAL_Driver/Src/stm32f4xx_hal_pwr_ex.c **** /** @addtogroup PWREx_Private_Constants
  57:Drivers/STM32F4xx_HAL_Driver/Src/stm32f4xx_hal_pwr_ex.c ****   * @{
  58:Drivers/STM32F4xx_HAL_Driver/Src/stm32f4xx_hal_pwr_ex.c ****   */    
  59:Drivers/STM32F4xx_HAL_Driver/Src/stm32f4xx_hal_pwr_ex.c **** #define PWR_OVERDRIVE_TIMEOUT_VALUE  1000U
  60:Drivers/STM32F4xx_HAL_Driver/Src/stm32f4xx_hal_pwr_ex.c **** #define PWR_UDERDRIVE_TIMEOUT_VALUE  1000U
  61:Drivers/STM32F4xx_HAL_Driver/Src/stm32f4xx_hal_pwr_ex.c **** #define PWR_BKPREG_TIMEOUT_VALUE     1000U
  62:Drivers/STM32F4xx_HAL_Driver/Src/stm32f4xx_hal_pwr_ex.c **** #define PWR_VOSRDY_TIMEOUT_VALUE     1000U
  63:Drivers/STM32F4xx_HAL_Driver/Src/stm32f4xx_hal_pwr_ex.c **** /**
  64:Drivers/STM32F4xx_HAL_Driver/Src/stm32f4xx_hal_pwr_ex.c ****   * @}
  65:Drivers/STM32F4xx_HAL_Driver/Src/stm32f4xx_hal_pwr_ex.c ****   */
  66:Drivers/STM32F4xx_HAL_Driver/Src/stm32f4xx_hal_pwr_ex.c **** 
  67:Drivers/STM32F4xx_HAL_Driver/Src/stm32f4xx_hal_pwr_ex.c ****    
  68:Drivers/STM32F4xx_HAL_Driver/Src/stm32f4xx_hal_pwr_ex.c **** /* Private macro -------------------------------------------------------------*/
  69:Drivers/STM32F4xx_HAL_Driver/Src/stm32f4xx_hal_pwr_ex.c **** /* Private variables ---------------------------------------------------------*/
  70:Drivers/STM32F4xx_HAL_Driver/Src/stm32f4xx_hal_pwr_ex.c **** /* Private function prototypes -----------------------------------------------*/
  71:Drivers/STM32F4xx_HAL_Driver/Src/stm32f4xx_hal_pwr_ex.c **** /* Private functions ---------------------------------------------------------*/
  72:Drivers/STM32F4xx_HAL_Driver/Src/stm32f4xx_hal_pwr_ex.c **** /** @defgroup PWREx_Exported_Functions PWREx Exported Functions
  73:Drivers/STM32F4xx_HAL_Driver/Src/stm32f4xx_hal_pwr_ex.c ****   *  @{
  74:Drivers/STM32F4xx_HAL_Driver/Src/stm32f4xx_hal_pwr_ex.c ****   */
  75:Drivers/STM32F4xx_HAL_Driver/Src/stm32f4xx_hal_pwr_ex.c **** 
  76:Drivers/STM32F4xx_HAL_Driver/Src/stm32f4xx_hal_pwr_ex.c **** /** @defgroup PWREx_Exported_Functions_Group1 Peripheral Extended features functions 
  77:Drivers/STM32F4xx_HAL_Driver/Src/stm32f4xx_hal_pwr_ex.c ****   *  @brief Peripheral Extended features functions 
  78:Drivers/STM32F4xx_HAL_Driver/Src/stm32f4xx_hal_pwr_ex.c ****   *
  79:Drivers/STM32F4xx_HAL_Driver/Src/stm32f4xx_hal_pwr_ex.c **** @verbatim   
  80:Drivers/STM32F4xx_HAL_Driver/Src/stm32f4xx_hal_pwr_ex.c **** 
  81:Drivers/STM32F4xx_HAL_Driver/Src/stm32f4xx_hal_pwr_ex.c ****  ===============================================================================
  82:Drivers/STM32F4xx_HAL_Driver/Src/stm32f4xx_hal_pwr_ex.c ****                  ##### Peripheral extended features functions #####
  83:Drivers/STM32F4xx_HAL_Driver/Src/stm32f4xx_hal_pwr_ex.c ****  ===============================================================================
  84:Drivers/STM32F4xx_HAL_Driver/Src/stm32f4xx_hal_pwr_ex.c **** 
  85:Drivers/STM32F4xx_HAL_Driver/Src/stm32f4xx_hal_pwr_ex.c ****     *** Main and Backup Regulators configuration ***
  86:Drivers/STM32F4xx_HAL_Driver/Src/stm32f4xx_hal_pwr_ex.c ****     ================================================
  87:Drivers/STM32F4xx_HAL_Driver/Src/stm32f4xx_hal_pwr_ex.c ****     [..] 
ARM GAS  /tmp/ccWDcJzF.s 			page 3


  88:Drivers/STM32F4xx_HAL_Driver/Src/stm32f4xx_hal_pwr_ex.c ****       (+) The backup domain includes 4 Kbytes of backup SRAM accessible only from 
  89:Drivers/STM32F4xx_HAL_Driver/Src/stm32f4xx_hal_pwr_ex.c ****           the CPU, and address in 32-bit, 16-bit or 8-bit mode. Its content is 
  90:Drivers/STM32F4xx_HAL_Driver/Src/stm32f4xx_hal_pwr_ex.c ****           retained even in Standby or VBAT mode when the low power backup regulator
  91:Drivers/STM32F4xx_HAL_Driver/Src/stm32f4xx_hal_pwr_ex.c ****           is enabled. It can be considered as an internal EEPROM when VBAT is 
  92:Drivers/STM32F4xx_HAL_Driver/Src/stm32f4xx_hal_pwr_ex.c ****           always present. You can use the HAL_PWREx_EnableBkUpReg() function to 
  93:Drivers/STM32F4xx_HAL_Driver/Src/stm32f4xx_hal_pwr_ex.c ****           enable the low power backup regulator. 
  94:Drivers/STM32F4xx_HAL_Driver/Src/stm32f4xx_hal_pwr_ex.c **** 
  95:Drivers/STM32F4xx_HAL_Driver/Src/stm32f4xx_hal_pwr_ex.c ****       (+) When the backup domain is supplied by VDD (analog switch connected to VDD) 
  96:Drivers/STM32F4xx_HAL_Driver/Src/stm32f4xx_hal_pwr_ex.c ****           the backup SRAM is powered from VDD which replaces the VBAT power supply to 
  97:Drivers/STM32F4xx_HAL_Driver/Src/stm32f4xx_hal_pwr_ex.c ****           save battery life.
  98:Drivers/STM32F4xx_HAL_Driver/Src/stm32f4xx_hal_pwr_ex.c **** 
  99:Drivers/STM32F4xx_HAL_Driver/Src/stm32f4xx_hal_pwr_ex.c ****       (+) The backup SRAM is not mass erased by a tamper event. It is read 
 100:Drivers/STM32F4xx_HAL_Driver/Src/stm32f4xx_hal_pwr_ex.c ****           protected to prevent confidential data, such as cryptographic private 
 101:Drivers/STM32F4xx_HAL_Driver/Src/stm32f4xx_hal_pwr_ex.c ****           key, from being accessed. The backup SRAM can be erased only through 
 102:Drivers/STM32F4xx_HAL_Driver/Src/stm32f4xx_hal_pwr_ex.c ****           the Flash interface when a protection level change from level 1 to 
 103:Drivers/STM32F4xx_HAL_Driver/Src/stm32f4xx_hal_pwr_ex.c ****           level 0 is requested. 
 104:Drivers/STM32F4xx_HAL_Driver/Src/stm32f4xx_hal_pwr_ex.c ****       -@- Refer to the description of Read protection (RDP) in the Flash 
 105:Drivers/STM32F4xx_HAL_Driver/Src/stm32f4xx_hal_pwr_ex.c ****           programming manual.
 106:Drivers/STM32F4xx_HAL_Driver/Src/stm32f4xx_hal_pwr_ex.c **** 
 107:Drivers/STM32F4xx_HAL_Driver/Src/stm32f4xx_hal_pwr_ex.c ****       (+) The main internal regulator can be configured to have a tradeoff between 
 108:Drivers/STM32F4xx_HAL_Driver/Src/stm32f4xx_hal_pwr_ex.c ****           performance and power consumption when the device does not operate at 
 109:Drivers/STM32F4xx_HAL_Driver/Src/stm32f4xx_hal_pwr_ex.c ****           the maximum frequency. This is done through __HAL_PWR_MAINREGULATORMODE_CONFIG() 
 110:Drivers/STM32F4xx_HAL_Driver/Src/stm32f4xx_hal_pwr_ex.c ****           macro which configure VOS bit in PWR_CR register
 111:Drivers/STM32F4xx_HAL_Driver/Src/stm32f4xx_hal_pwr_ex.c ****           
 112:Drivers/STM32F4xx_HAL_Driver/Src/stm32f4xx_hal_pwr_ex.c ****         Refer to the product datasheets for more details.
 113:Drivers/STM32F4xx_HAL_Driver/Src/stm32f4xx_hal_pwr_ex.c **** 
 114:Drivers/STM32F4xx_HAL_Driver/Src/stm32f4xx_hal_pwr_ex.c ****     *** FLASH Power Down configuration ****
 115:Drivers/STM32F4xx_HAL_Driver/Src/stm32f4xx_hal_pwr_ex.c ****     =======================================
 116:Drivers/STM32F4xx_HAL_Driver/Src/stm32f4xx_hal_pwr_ex.c ****     [..] 
 117:Drivers/STM32F4xx_HAL_Driver/Src/stm32f4xx_hal_pwr_ex.c ****       (+) By setting the FPDS bit in the PWR_CR register by using the 
 118:Drivers/STM32F4xx_HAL_Driver/Src/stm32f4xx_hal_pwr_ex.c ****           HAL_PWREx_EnableFlashPowerDown() function, the Flash memory also enters power 
 119:Drivers/STM32F4xx_HAL_Driver/Src/stm32f4xx_hal_pwr_ex.c ****           down mode when the device enters Stop mode. When the Flash memory 
 120:Drivers/STM32F4xx_HAL_Driver/Src/stm32f4xx_hal_pwr_ex.c ****           is in power down mode, an additional startup delay is incurred when 
 121:Drivers/STM32F4xx_HAL_Driver/Src/stm32f4xx_hal_pwr_ex.c ****           waking up from Stop mode.
 122:Drivers/STM32F4xx_HAL_Driver/Src/stm32f4xx_hal_pwr_ex.c ****           
 123:Drivers/STM32F4xx_HAL_Driver/Src/stm32f4xx_hal_pwr_ex.c ****            (+) For STM32F42xxx/43xxx/446xx/469xx/479xx Devices, the scale can be modified only when
 124:Drivers/STM32F4xx_HAL_Driver/Src/stm32f4xx_hal_pwr_ex.c ****            is OFF and the HSI or HSE clock source is selected as system clock. 
 125:Drivers/STM32F4xx_HAL_Driver/Src/stm32f4xx_hal_pwr_ex.c ****            The new value programmed is active only when the PLL is ON.
 126:Drivers/STM32F4xx_HAL_Driver/Src/stm32f4xx_hal_pwr_ex.c ****            When the PLL is OFF, the voltage scale 3 is automatically selected. 
 127:Drivers/STM32F4xx_HAL_Driver/Src/stm32f4xx_hal_pwr_ex.c ****         Refer to the datasheets for more details.
 128:Drivers/STM32F4xx_HAL_Driver/Src/stm32f4xx_hal_pwr_ex.c **** 
 129:Drivers/STM32F4xx_HAL_Driver/Src/stm32f4xx_hal_pwr_ex.c ****     *** Over-Drive and Under-Drive configuration ****
 130:Drivers/STM32F4xx_HAL_Driver/Src/stm32f4xx_hal_pwr_ex.c ****     =================================================
 131:Drivers/STM32F4xx_HAL_Driver/Src/stm32f4xx_hal_pwr_ex.c ****     [..]         
 132:Drivers/STM32F4xx_HAL_Driver/Src/stm32f4xx_hal_pwr_ex.c ****        (+) For STM32F42xxx/43xxx/446xx/469xx/479xx Devices, in Run mode: the main regulator has
 133:Drivers/STM32F4xx_HAL_Driver/Src/stm32f4xx_hal_pwr_ex.c ****            2 operating modes available:
 134:Drivers/STM32F4xx_HAL_Driver/Src/stm32f4xx_hal_pwr_ex.c ****         (++) Normal mode: The CPU and core logic operate at maximum frequency at a given 
 135:Drivers/STM32F4xx_HAL_Driver/Src/stm32f4xx_hal_pwr_ex.c ****              voltage scaling (scale 1, scale 2 or scale 3)
 136:Drivers/STM32F4xx_HAL_Driver/Src/stm32f4xx_hal_pwr_ex.c ****         (++) Over-drive mode: This mode allows the CPU and the core logic to operate at a 
 137:Drivers/STM32F4xx_HAL_Driver/Src/stm32f4xx_hal_pwr_ex.c ****             higher frequency than the normal mode for a given voltage scaling (scale 1,  
 138:Drivers/STM32F4xx_HAL_Driver/Src/stm32f4xx_hal_pwr_ex.c ****             scale 2 or scale 3). This mode is enabled through HAL_PWREx_EnableOverDrive() function 
 139:Drivers/STM32F4xx_HAL_Driver/Src/stm32f4xx_hal_pwr_ex.c ****             disabled by HAL_PWREx_DisableOverDrive() function, to enter or exit from Over-drive mod
 140:Drivers/STM32F4xx_HAL_Driver/Src/stm32f4xx_hal_pwr_ex.c ****             the sequence described in Reference manual.
 141:Drivers/STM32F4xx_HAL_Driver/Src/stm32f4xx_hal_pwr_ex.c ****              
 142:Drivers/STM32F4xx_HAL_Driver/Src/stm32f4xx_hal_pwr_ex.c ****        (+) For STM32F42xxx/43xxx/446xx/469xx/479xx Devices, in Stop mode: the main regulator or low
 143:Drivers/STM32F4xx_HAL_Driver/Src/stm32f4xx_hal_pwr_ex.c ****            supplies a low power voltage to the 1.2V domain, thus preserving the content of register
 144:Drivers/STM32F4xx_HAL_Driver/Src/stm32f4xx_hal_pwr_ex.c ****            and internal SRAM. 2 operating modes are available:
ARM GAS  /tmp/ccWDcJzF.s 			page 4


 145:Drivers/STM32F4xx_HAL_Driver/Src/stm32f4xx_hal_pwr_ex.c ****          (++) Normal mode: the 1.2V domain is preserved in nominal leakage mode. This mode is only 
 146:Drivers/STM32F4xx_HAL_Driver/Src/stm32f4xx_hal_pwr_ex.c ****               available when the main regulator or the low power regulator is used in Scale 3 or 
 147:Drivers/STM32F4xx_HAL_Driver/Src/stm32f4xx_hal_pwr_ex.c ****               low voltage mode.
 148:Drivers/STM32F4xx_HAL_Driver/Src/stm32f4xx_hal_pwr_ex.c ****          (++) Under-drive mode: the 1.2V domain is preserved in reduced leakage mode. This mode is 
 149:Drivers/STM32F4xx_HAL_Driver/Src/stm32f4xx_hal_pwr_ex.c ****               available when the main regulator or the low power regulator is in low voltage mode.
 150:Drivers/STM32F4xx_HAL_Driver/Src/stm32f4xx_hal_pwr_ex.c **** 
 151:Drivers/STM32F4xx_HAL_Driver/Src/stm32f4xx_hal_pwr_ex.c **** @endverbatim
 152:Drivers/STM32F4xx_HAL_Driver/Src/stm32f4xx_hal_pwr_ex.c ****   * @{
 153:Drivers/STM32F4xx_HAL_Driver/Src/stm32f4xx_hal_pwr_ex.c ****   */
 154:Drivers/STM32F4xx_HAL_Driver/Src/stm32f4xx_hal_pwr_ex.c **** 
 155:Drivers/STM32F4xx_HAL_Driver/Src/stm32f4xx_hal_pwr_ex.c **** /**
 156:Drivers/STM32F4xx_HAL_Driver/Src/stm32f4xx_hal_pwr_ex.c ****   * @brief Enables the Backup Regulator.
 157:Drivers/STM32F4xx_HAL_Driver/Src/stm32f4xx_hal_pwr_ex.c ****   * @retval HAL status
 158:Drivers/STM32F4xx_HAL_Driver/Src/stm32f4xx_hal_pwr_ex.c ****   */
 159:Drivers/STM32F4xx_HAL_Driver/Src/stm32f4xx_hal_pwr_ex.c **** HAL_StatusTypeDef HAL_PWREx_EnableBkUpReg(void)
 160:Drivers/STM32F4xx_HAL_Driver/Src/stm32f4xx_hal_pwr_ex.c **** {
  29              		.loc 1 160 0
  30              		.cfi_startproc
  31              		@ args = 0, pretend = 0, frame = 0
  32              		@ frame_needed = 0, uses_anonymous_args = 0
  33              	.LVL0:
  34 0000 38B5     		push	{r3, r4, r5, lr}
  35              	.LCFI0:
  36              		.cfi_def_cfa_offset 16
  37              		.cfi_offset 3, -16
  38              		.cfi_offset 4, -12
  39              		.cfi_offset 5, -8
  40              		.cfi_offset 14, -4
 161:Drivers/STM32F4xx_HAL_Driver/Src/stm32f4xx_hal_pwr_ex.c ****   uint32_t tickstart = 0U;
 162:Drivers/STM32F4xx_HAL_Driver/Src/stm32f4xx_hal_pwr_ex.c **** 
 163:Drivers/STM32F4xx_HAL_Driver/Src/stm32f4xx_hal_pwr_ex.c ****   *(__IO uint32_t *) CSR_BRE_BB = (uint32_t)ENABLE;
  41              		.loc 1 163 0
  42 0002 0A4B     		ldr	r3, .L8
 164:Drivers/STM32F4xx_HAL_Driver/Src/stm32f4xx_hal_pwr_ex.c **** 
 165:Drivers/STM32F4xx_HAL_Driver/Src/stm32f4xx_hal_pwr_ex.c ****   /* Get tick */
 166:Drivers/STM32F4xx_HAL_Driver/Src/stm32f4xx_hal_pwr_ex.c ****   tickstart = HAL_GetTick();
 167:Drivers/STM32F4xx_HAL_Driver/Src/stm32f4xx_hal_pwr_ex.c **** 
 168:Drivers/STM32F4xx_HAL_Driver/Src/stm32f4xx_hal_pwr_ex.c ****   /* Wait till Backup regulator ready flag is set */  
 169:Drivers/STM32F4xx_HAL_Driver/Src/stm32f4xx_hal_pwr_ex.c ****   while(__HAL_PWR_GET_FLAG(PWR_FLAG_BRR) == RESET)
  43              		.loc 1 169 0
  44 0004 0A4C     		ldr	r4, .L8+4
 163:Drivers/STM32F4xx_HAL_Driver/Src/stm32f4xx_hal_pwr_ex.c **** 
  45              		.loc 1 163 0
  46 0006 0122     		movs	r2, #1
  47 0008 1A60     		str	r2, [r3]
 166:Drivers/STM32F4xx_HAL_Driver/Src/stm32f4xx_hal_pwr_ex.c **** 
  48              		.loc 1 166 0
  49 000a FFF7FEFF 		bl	HAL_GetTick
  50              	.LVL1:
  51 000e 0546     		mov	r5, r0
  52              	.LVL2:
  53              		.loc 1 169 0
  54 0010 05E0     		b	.L2
  55              	.LVL3:
  56              	.L4:
 170:Drivers/STM32F4xx_HAL_Driver/Src/stm32f4xx_hal_pwr_ex.c ****   {
 171:Drivers/STM32F4xx_HAL_Driver/Src/stm32f4xx_hal_pwr_ex.c ****     if((HAL_GetTick() - tickstart ) > PWR_BKPREG_TIMEOUT_VALUE)
ARM GAS  /tmp/ccWDcJzF.s 			page 5


  57              		.loc 1 171 0
  58 0012 FFF7FEFF 		bl	HAL_GetTick
  59              	.LVL4:
  60 0016 401B     		subs	r0, r0, r5
  61 0018 B0F57A7F 		cmp	r0, #1000
  62 001c 04D8     		bhi	.L5
  63              	.L2:
 169:Drivers/STM32F4xx_HAL_Driver/Src/stm32f4xx_hal_pwr_ex.c ****   {
  64              		.loc 1 169 0
  65 001e 6368     		ldr	r3, [r4, #4]
  66 0020 1B07     		lsls	r3, r3, #28
  67 0022 F6D5     		bpl	.L4
 172:Drivers/STM32F4xx_HAL_Driver/Src/stm32f4xx_hal_pwr_ex.c ****     {
 173:Drivers/STM32F4xx_HAL_Driver/Src/stm32f4xx_hal_pwr_ex.c ****       return HAL_TIMEOUT;
 174:Drivers/STM32F4xx_HAL_Driver/Src/stm32f4xx_hal_pwr_ex.c ****     } 
 175:Drivers/STM32F4xx_HAL_Driver/Src/stm32f4xx_hal_pwr_ex.c ****   }
 176:Drivers/STM32F4xx_HAL_Driver/Src/stm32f4xx_hal_pwr_ex.c ****   return HAL_OK;
  68              		.loc 1 176 0
  69 0024 0020     		movs	r0, #0
  70 0026 38BD     		pop	{r3, r4, r5, pc}
  71              	.LVL5:
  72              	.L5:
 173:Drivers/STM32F4xx_HAL_Driver/Src/stm32f4xx_hal_pwr_ex.c ****     } 
  73              		.loc 1 173 0
  74 0028 0320     		movs	r0, #3
 177:Drivers/STM32F4xx_HAL_Driver/Src/stm32f4xx_hal_pwr_ex.c **** }
  75              		.loc 1 177 0
  76 002a 38BD     		pop	{r3, r4, r5, pc}
  77              	.LVL6:
  78              	.L9:
  79              		.align	2
  80              	.L8:
  81 002c A4000E42 		.word	1108213924
  82 0030 00700040 		.word	1073770496
  83              		.cfi_endproc
  84              	.LFE124:
  86              		.section	.text.HAL_PWREx_DisableBkUpReg,"ax",%progbits
  87              		.align	1
  88              		.p2align 2,,3
  89              		.global	HAL_PWREx_DisableBkUpReg
  90              		.syntax unified
  91              		.thumb
  92              		.thumb_func
  93              		.fpu fpv4-sp-d16
  95              	HAL_PWREx_DisableBkUpReg:
  96              	.LFB125:
 178:Drivers/STM32F4xx_HAL_Driver/Src/stm32f4xx_hal_pwr_ex.c **** 
 179:Drivers/STM32F4xx_HAL_Driver/Src/stm32f4xx_hal_pwr_ex.c **** /**
 180:Drivers/STM32F4xx_HAL_Driver/Src/stm32f4xx_hal_pwr_ex.c ****   * @brief Disables the Backup Regulator.
 181:Drivers/STM32F4xx_HAL_Driver/Src/stm32f4xx_hal_pwr_ex.c ****   * @retval HAL status
 182:Drivers/STM32F4xx_HAL_Driver/Src/stm32f4xx_hal_pwr_ex.c ****   */
 183:Drivers/STM32F4xx_HAL_Driver/Src/stm32f4xx_hal_pwr_ex.c **** HAL_StatusTypeDef HAL_PWREx_DisableBkUpReg(void)
 184:Drivers/STM32F4xx_HAL_Driver/Src/stm32f4xx_hal_pwr_ex.c **** {
  97              		.loc 1 184 0
  98              		.cfi_startproc
  99              		@ args = 0, pretend = 0, frame = 0
 100              		@ frame_needed = 0, uses_anonymous_args = 0
ARM GAS  /tmp/ccWDcJzF.s 			page 6


 101              	.LVL7:
 102 0000 38B5     		push	{r3, r4, r5, lr}
 103              	.LCFI1:
 104              		.cfi_def_cfa_offset 16
 105              		.cfi_offset 3, -16
 106              		.cfi_offset 4, -12
 107              		.cfi_offset 5, -8
 108              		.cfi_offset 14, -4
 185:Drivers/STM32F4xx_HAL_Driver/Src/stm32f4xx_hal_pwr_ex.c ****   uint32_t tickstart = 0U;
 186:Drivers/STM32F4xx_HAL_Driver/Src/stm32f4xx_hal_pwr_ex.c **** 
 187:Drivers/STM32F4xx_HAL_Driver/Src/stm32f4xx_hal_pwr_ex.c ****   *(__IO uint32_t *) CSR_BRE_BB = (uint32_t)DISABLE;
 109              		.loc 1 187 0
 110 0002 0A4B     		ldr	r3, .L16
 188:Drivers/STM32F4xx_HAL_Driver/Src/stm32f4xx_hal_pwr_ex.c **** 
 189:Drivers/STM32F4xx_HAL_Driver/Src/stm32f4xx_hal_pwr_ex.c ****   /* Get tick */
 190:Drivers/STM32F4xx_HAL_Driver/Src/stm32f4xx_hal_pwr_ex.c ****   tickstart = HAL_GetTick();
 191:Drivers/STM32F4xx_HAL_Driver/Src/stm32f4xx_hal_pwr_ex.c **** 
 192:Drivers/STM32F4xx_HAL_Driver/Src/stm32f4xx_hal_pwr_ex.c ****   /* Wait till Backup regulator ready flag is set */  
 193:Drivers/STM32F4xx_HAL_Driver/Src/stm32f4xx_hal_pwr_ex.c ****   while(__HAL_PWR_GET_FLAG(PWR_FLAG_BRR) != RESET)
 111              		.loc 1 193 0
 112 0004 0A4C     		ldr	r4, .L16+4
 187:Drivers/STM32F4xx_HAL_Driver/Src/stm32f4xx_hal_pwr_ex.c **** 
 113              		.loc 1 187 0
 114 0006 0022     		movs	r2, #0
 115 0008 1A60     		str	r2, [r3]
 190:Drivers/STM32F4xx_HAL_Driver/Src/stm32f4xx_hal_pwr_ex.c **** 
 116              		.loc 1 190 0
 117 000a FFF7FEFF 		bl	HAL_GetTick
 118              	.LVL8:
 119 000e 0546     		mov	r5, r0
 120              	.LVL9:
 121              		.loc 1 193 0
 122 0010 05E0     		b	.L11
 123              	.LVL10:
 124              	.L13:
 194:Drivers/STM32F4xx_HAL_Driver/Src/stm32f4xx_hal_pwr_ex.c ****   {
 195:Drivers/STM32F4xx_HAL_Driver/Src/stm32f4xx_hal_pwr_ex.c ****     if((HAL_GetTick() - tickstart ) > PWR_BKPREG_TIMEOUT_VALUE)
 125              		.loc 1 195 0
 126 0012 FFF7FEFF 		bl	HAL_GetTick
 127              	.LVL11:
 128 0016 401B     		subs	r0, r0, r5
 129 0018 B0F57A7F 		cmp	r0, #1000
 130 001c 04D8     		bhi	.L14
 131              	.L11:
 193:Drivers/STM32F4xx_HAL_Driver/Src/stm32f4xx_hal_pwr_ex.c ****   {
 132              		.loc 1 193 0
 133 001e 6068     		ldr	r0, [r4, #4]
 134 0020 10F00800 		ands	r0, r0, #8
 135 0024 F5D1     		bne	.L13
 136 0026 38BD     		pop	{r3, r4, r5, pc}
 137              	.LVL12:
 138              	.L14:
 196:Drivers/STM32F4xx_HAL_Driver/Src/stm32f4xx_hal_pwr_ex.c ****     {
 197:Drivers/STM32F4xx_HAL_Driver/Src/stm32f4xx_hal_pwr_ex.c ****       return HAL_TIMEOUT;
 139              		.loc 1 197 0
 140 0028 0320     		movs	r0, #3
 198:Drivers/STM32F4xx_HAL_Driver/Src/stm32f4xx_hal_pwr_ex.c ****     } 
ARM GAS  /tmp/ccWDcJzF.s 			page 7


 199:Drivers/STM32F4xx_HAL_Driver/Src/stm32f4xx_hal_pwr_ex.c ****   }
 200:Drivers/STM32F4xx_HAL_Driver/Src/stm32f4xx_hal_pwr_ex.c ****   return HAL_OK;
 201:Drivers/STM32F4xx_HAL_Driver/Src/stm32f4xx_hal_pwr_ex.c **** }
 141              		.loc 1 201 0
 142 002a 38BD     		pop	{r3, r4, r5, pc}
 143              	.LVL13:
 144              	.L17:
 145              		.align	2
 146              	.L16:
 147 002c A4000E42 		.word	1108213924
 148 0030 00700040 		.word	1073770496
 149              		.cfi_endproc
 150              	.LFE125:
 152              		.section	.text.HAL_PWREx_EnableFlashPowerDown,"ax",%progbits
 153              		.align	1
 154              		.p2align 2,,3
 155              		.global	HAL_PWREx_EnableFlashPowerDown
 156              		.syntax unified
 157              		.thumb
 158              		.thumb_func
 159              		.fpu fpv4-sp-d16
 161              	HAL_PWREx_EnableFlashPowerDown:
 162              	.LFB126:
 202:Drivers/STM32F4xx_HAL_Driver/Src/stm32f4xx_hal_pwr_ex.c **** 
 203:Drivers/STM32F4xx_HAL_Driver/Src/stm32f4xx_hal_pwr_ex.c **** /**
 204:Drivers/STM32F4xx_HAL_Driver/Src/stm32f4xx_hal_pwr_ex.c ****   * @brief Enables the Flash Power Down in Stop mode.
 205:Drivers/STM32F4xx_HAL_Driver/Src/stm32f4xx_hal_pwr_ex.c ****   * @retval None
 206:Drivers/STM32F4xx_HAL_Driver/Src/stm32f4xx_hal_pwr_ex.c ****   */
 207:Drivers/STM32F4xx_HAL_Driver/Src/stm32f4xx_hal_pwr_ex.c **** void HAL_PWREx_EnableFlashPowerDown(void)
 208:Drivers/STM32F4xx_HAL_Driver/Src/stm32f4xx_hal_pwr_ex.c **** {
 163              		.loc 1 208 0
 164              		.cfi_startproc
 165              		@ args = 0, pretend = 0, frame = 0
 166              		@ frame_needed = 0, uses_anonymous_args = 0
 167              		@ link register save eliminated.
 209:Drivers/STM32F4xx_HAL_Driver/Src/stm32f4xx_hal_pwr_ex.c ****   *(__IO uint32_t *) CR_FPDS_BB = (uint32_t)ENABLE;
 168              		.loc 1 209 0
 169 0000 014B     		ldr	r3, .L19
 170 0002 0122     		movs	r2, #1
 171 0004 1A60     		str	r2, [r3]
 172 0006 7047     		bx	lr
 173              	.L20:
 174              		.align	2
 175              	.L19:
 176 0008 24000E42 		.word	1108213796
 177              		.cfi_endproc
 178              	.LFE126:
 180              		.section	.text.HAL_PWREx_DisableFlashPowerDown,"ax",%progbits
 181              		.align	1
 182              		.p2align 2,,3
 183              		.global	HAL_PWREx_DisableFlashPowerDown
 184              		.syntax unified
 185              		.thumb
 186              		.thumb_func
 187              		.fpu fpv4-sp-d16
 189              	HAL_PWREx_DisableFlashPowerDown:
 190              	.LFB127:
ARM GAS  /tmp/ccWDcJzF.s 			page 8


 210:Drivers/STM32F4xx_HAL_Driver/Src/stm32f4xx_hal_pwr_ex.c **** }
 211:Drivers/STM32F4xx_HAL_Driver/Src/stm32f4xx_hal_pwr_ex.c **** 
 212:Drivers/STM32F4xx_HAL_Driver/Src/stm32f4xx_hal_pwr_ex.c **** /**
 213:Drivers/STM32F4xx_HAL_Driver/Src/stm32f4xx_hal_pwr_ex.c ****   * @brief Disables the Flash Power Down in Stop mode.
 214:Drivers/STM32F4xx_HAL_Driver/Src/stm32f4xx_hal_pwr_ex.c ****   * @retval None
 215:Drivers/STM32F4xx_HAL_Driver/Src/stm32f4xx_hal_pwr_ex.c ****   */
 216:Drivers/STM32F4xx_HAL_Driver/Src/stm32f4xx_hal_pwr_ex.c **** void HAL_PWREx_DisableFlashPowerDown(void)
 217:Drivers/STM32F4xx_HAL_Driver/Src/stm32f4xx_hal_pwr_ex.c **** {
 191              		.loc 1 217 0
 192              		.cfi_startproc
 193              		@ args = 0, pretend = 0, frame = 0
 194              		@ frame_needed = 0, uses_anonymous_args = 0
 195              		@ link register save eliminated.
 218:Drivers/STM32F4xx_HAL_Driver/Src/stm32f4xx_hal_pwr_ex.c ****   *(__IO uint32_t *) CR_FPDS_BB = (uint32_t)DISABLE;
 196              		.loc 1 218 0
 197 0000 014B     		ldr	r3, .L22
 198 0002 0022     		movs	r2, #0
 199 0004 1A60     		str	r2, [r3]
 200 0006 7047     		bx	lr
 201              	.L23:
 202              		.align	2
 203              	.L22:
 204 0008 24000E42 		.word	1108213796
 205              		.cfi_endproc
 206              	.LFE127:
 208              		.section	.text.HAL_PWREx_GetVoltageRange,"ax",%progbits
 209              		.align	1
 210              		.p2align 2,,3
 211              		.global	HAL_PWREx_GetVoltageRange
 212              		.syntax unified
 213              		.thumb
 214              		.thumb_func
 215              		.fpu fpv4-sp-d16
 217              	HAL_PWREx_GetVoltageRange:
 218              	.LFB128:
 219:Drivers/STM32F4xx_HAL_Driver/Src/stm32f4xx_hal_pwr_ex.c **** }
 220:Drivers/STM32F4xx_HAL_Driver/Src/stm32f4xx_hal_pwr_ex.c **** 
 221:Drivers/STM32F4xx_HAL_Driver/Src/stm32f4xx_hal_pwr_ex.c **** /**
 222:Drivers/STM32F4xx_HAL_Driver/Src/stm32f4xx_hal_pwr_ex.c ****   * @brief Return Voltage Scaling Range.
 223:Drivers/STM32F4xx_HAL_Driver/Src/stm32f4xx_hal_pwr_ex.c ****   * @retval The configured scale for the regulator voltage(VOS bit field).
 224:Drivers/STM32F4xx_HAL_Driver/Src/stm32f4xx_hal_pwr_ex.c ****   *         The returned value can be one of the following:
 225:Drivers/STM32F4xx_HAL_Driver/Src/stm32f4xx_hal_pwr_ex.c ****   *            - @arg PWR_REGULATOR_VOLTAGE_SCALE1: Regulator voltage output Scale 1 mode
 226:Drivers/STM32F4xx_HAL_Driver/Src/stm32f4xx_hal_pwr_ex.c ****   *            - @arg PWR_REGULATOR_VOLTAGE_SCALE2: Regulator voltage output Scale 2 mode
 227:Drivers/STM32F4xx_HAL_Driver/Src/stm32f4xx_hal_pwr_ex.c ****   *            - @arg PWR_REGULATOR_VOLTAGE_SCALE3: Regulator voltage output Scale 3 mode
 228:Drivers/STM32F4xx_HAL_Driver/Src/stm32f4xx_hal_pwr_ex.c ****   */  
 229:Drivers/STM32F4xx_HAL_Driver/Src/stm32f4xx_hal_pwr_ex.c **** uint32_t HAL_PWREx_GetVoltageRange(void)
 230:Drivers/STM32F4xx_HAL_Driver/Src/stm32f4xx_hal_pwr_ex.c **** {
 219              		.loc 1 230 0
 220              		.cfi_startproc
 221              		@ args = 0, pretend = 0, frame = 0
 222              		@ frame_needed = 0, uses_anonymous_args = 0
 223              		@ link register save eliminated.
 231:Drivers/STM32F4xx_HAL_Driver/Src/stm32f4xx_hal_pwr_ex.c ****   return (PWR->CR & PWR_CR_VOS);
 224              		.loc 1 231 0
 225 0000 024B     		ldr	r3, .L25
 226 0002 1868     		ldr	r0, [r3]
 232:Drivers/STM32F4xx_HAL_Driver/Src/stm32f4xx_hal_pwr_ex.c **** }
ARM GAS  /tmp/ccWDcJzF.s 			page 9


 227              		.loc 1 232 0
 228 0004 00F48040 		and	r0, r0, #16384
 229 0008 7047     		bx	lr
 230              	.L26:
 231 000a 00BF     		.align	2
 232              	.L25:
 233 000c 00700040 		.word	1073770496
 234              		.cfi_endproc
 235              	.LFE128:
 237              		.section	.text.HAL_PWREx_ControlVoltageScaling,"ax",%progbits
 238              		.align	1
 239              		.p2align 2,,3
 240              		.global	HAL_PWREx_ControlVoltageScaling
 241              		.syntax unified
 242              		.thumb
 243              		.thumb_func
 244              		.fpu fpv4-sp-d16
 246              	HAL_PWREx_ControlVoltageScaling:
 247              	.LFB129:
 233:Drivers/STM32F4xx_HAL_Driver/Src/stm32f4xx_hal_pwr_ex.c **** 
 234:Drivers/STM32F4xx_HAL_Driver/Src/stm32f4xx_hal_pwr_ex.c **** #if defined(STM32F405xx) || defined(STM32F415xx) || defined(STM32F407xx) || defined(STM32F417xx)
 235:Drivers/STM32F4xx_HAL_Driver/Src/stm32f4xx_hal_pwr_ex.c **** /**
 236:Drivers/STM32F4xx_HAL_Driver/Src/stm32f4xx_hal_pwr_ex.c ****   * @brief Configures the main internal regulator output voltage.
 237:Drivers/STM32F4xx_HAL_Driver/Src/stm32f4xx_hal_pwr_ex.c ****   * @param  VoltageScaling specifies the regulator output voltage to achieve
 238:Drivers/STM32F4xx_HAL_Driver/Src/stm32f4xx_hal_pwr_ex.c ****   *         a tradeoff between performance and power consumption.
 239:Drivers/STM32F4xx_HAL_Driver/Src/stm32f4xx_hal_pwr_ex.c ****   *          This parameter can be one of the following values:
 240:Drivers/STM32F4xx_HAL_Driver/Src/stm32f4xx_hal_pwr_ex.c ****   *            @arg PWR_REGULATOR_VOLTAGE_SCALE1: Regulator voltage output range 1 mode,
 241:Drivers/STM32F4xx_HAL_Driver/Src/stm32f4xx_hal_pwr_ex.c ****   *                                               the maximum value of fHCLK = 168 MHz.
 242:Drivers/STM32F4xx_HAL_Driver/Src/stm32f4xx_hal_pwr_ex.c ****   *            @arg PWR_REGULATOR_VOLTAGE_SCALE2: Regulator voltage output range 2 mode,
 243:Drivers/STM32F4xx_HAL_Driver/Src/stm32f4xx_hal_pwr_ex.c ****   *                                               the maximum value of fHCLK = 144 MHz.
 244:Drivers/STM32F4xx_HAL_Driver/Src/stm32f4xx_hal_pwr_ex.c ****   * @note  When moving from Range 1 to Range 2, the system frequency must be decreased to
 245:Drivers/STM32F4xx_HAL_Driver/Src/stm32f4xx_hal_pwr_ex.c ****   *        a value below 144 MHz before calling HAL_PWREx_ConfigVoltageScaling() API.
 246:Drivers/STM32F4xx_HAL_Driver/Src/stm32f4xx_hal_pwr_ex.c ****   *        When moving from Range 2 to Range 1, the system frequency can be increased to
 247:Drivers/STM32F4xx_HAL_Driver/Src/stm32f4xx_hal_pwr_ex.c ****   *        a value up to 168 MHz after calling HAL_PWREx_ConfigVoltageScaling() API.
 248:Drivers/STM32F4xx_HAL_Driver/Src/stm32f4xx_hal_pwr_ex.c ****   * @retval HAL Status
 249:Drivers/STM32F4xx_HAL_Driver/Src/stm32f4xx_hal_pwr_ex.c ****   */
 250:Drivers/STM32F4xx_HAL_Driver/Src/stm32f4xx_hal_pwr_ex.c **** HAL_StatusTypeDef HAL_PWREx_ControlVoltageScaling(uint32_t VoltageScaling)
 251:Drivers/STM32F4xx_HAL_Driver/Src/stm32f4xx_hal_pwr_ex.c **** {
 248              		.loc 1 251 0
 249              		.cfi_startproc
 250              		@ args = 0, pretend = 0, frame = 8
 251              		@ frame_needed = 0, uses_anonymous_args = 0
 252              	.LVL14:
 253 0000 30B5     		push	{r4, r5, lr}
 254              	.LCFI2:
 255              		.cfi_def_cfa_offset 12
 256              		.cfi_offset 4, -12
 257              		.cfi_offset 5, -8
 258              		.cfi_offset 14, -4
 259 0002 83B0     		sub	sp, sp, #12
 260              	.LCFI3:
 261              		.cfi_def_cfa_offset 24
 262              	.LBB2:
 252:Drivers/STM32F4xx_HAL_Driver/Src/stm32f4xx_hal_pwr_ex.c ****   uint32_t tickstart = 0U;
 253:Drivers/STM32F4xx_HAL_Driver/Src/stm32f4xx_hal_pwr_ex.c ****   
 254:Drivers/STM32F4xx_HAL_Driver/Src/stm32f4xx_hal_pwr_ex.c ****   assert_param(IS_PWR_VOLTAGE_SCALING_RANGE(VoltageScaling));
 255:Drivers/STM32F4xx_HAL_Driver/Src/stm32f4xx_hal_pwr_ex.c ****   
ARM GAS  /tmp/ccWDcJzF.s 			page 10


 256:Drivers/STM32F4xx_HAL_Driver/Src/stm32f4xx_hal_pwr_ex.c ****   /* Enable PWR RCC Clock Peripheral */
 257:Drivers/STM32F4xx_HAL_Driver/Src/stm32f4xx_hal_pwr_ex.c ****   __HAL_RCC_PWR_CLK_ENABLE();
 263              		.loc 1 257 0
 264 0004 0021     		movs	r1, #0
 265 0006 154B     		ldr	r3, .L33
 266 0008 0091     		str	r1, [sp]
 267 000a 1A6C     		ldr	r2, [r3, #64]
 268              	.LBE2:
 269              	.LBB3:
 258:Drivers/STM32F4xx_HAL_Driver/Src/stm32f4xx_hal_pwr_ex.c ****   
 259:Drivers/STM32F4xx_HAL_Driver/Src/stm32f4xx_hal_pwr_ex.c ****   /* Set Range */
 260:Drivers/STM32F4xx_HAL_Driver/Src/stm32f4xx_hal_pwr_ex.c ****   __HAL_PWR_VOLTAGESCALING_CONFIG(VoltageScaling);
 270              		.loc 1 260 0
 271 000c 144C     		ldr	r4, .L33+4
 272              	.LBE3:
 273              	.LBB4:
 257:Drivers/STM32F4xx_HAL_Driver/Src/stm32f4xx_hal_pwr_ex.c ****   
 274              		.loc 1 257 0
 275 000e 42F08052 		orr	r2, r2, #268435456
 276 0012 1A64     		str	r2, [r3, #64]
 277 0014 1B6C     		ldr	r3, [r3, #64]
 278 0016 03F08053 		and	r3, r3, #268435456
 279 001a 0093     		str	r3, [sp]
 280 001c 009B     		ldr	r3, [sp]
 281              	.LBE4:
 282              	.LBB5:
 283              		.loc 1 260 0
 284 001e 0191     		str	r1, [sp, #4]
 285 0020 2368     		ldr	r3, [r4]
 286 0022 23F48043 		bic	r3, r3, #16384
 287 0026 1843     		orrs	r0, r0, r3
 288              	.LVL15:
 289 0028 2060     		str	r0, [r4]
 290 002a 2368     		ldr	r3, [r4]
 291 002c 03F48043 		and	r3, r3, #16384
 292 0030 0193     		str	r3, [sp, #4]
 293 0032 019B     		ldr	r3, [sp, #4]
 294              	.LBE5:
 261:Drivers/STM32F4xx_HAL_Driver/Src/stm32f4xx_hal_pwr_ex.c ****   
 262:Drivers/STM32F4xx_HAL_Driver/Src/stm32f4xx_hal_pwr_ex.c ****   /* Get Start Tick*/
 263:Drivers/STM32F4xx_HAL_Driver/Src/stm32f4xx_hal_pwr_ex.c ****   tickstart = HAL_GetTick();
 295              		.loc 1 263 0
 296 0034 FFF7FEFF 		bl	HAL_GetTick
 297              	.LVL16:
 298 0038 0546     		mov	r5, r0
 299              	.LVL17:
 264:Drivers/STM32F4xx_HAL_Driver/Src/stm32f4xx_hal_pwr_ex.c ****   while((__HAL_PWR_GET_FLAG(PWR_FLAG_VOSRDY) == RESET))
 300              		.loc 1 264 0
 301 003a 05E0     		b	.L28
 302              	.LVL18:
 303              	.L30:
 265:Drivers/STM32F4xx_HAL_Driver/Src/stm32f4xx_hal_pwr_ex.c ****   {
 266:Drivers/STM32F4xx_HAL_Driver/Src/stm32f4xx_hal_pwr_ex.c ****     if((HAL_GetTick() - tickstart ) > PWR_VOSRDY_TIMEOUT_VALUE)
 304              		.loc 1 266 0
 305 003c FFF7FEFF 		bl	HAL_GetTick
 306              	.LVL19:
 307 0040 401B     		subs	r0, r0, r5
ARM GAS  /tmp/ccWDcJzF.s 			page 11


 308 0042 B0F57A7F 		cmp	r0, #1000
 309 0046 05D8     		bhi	.L31
 310              	.L28:
 264:Drivers/STM32F4xx_HAL_Driver/Src/stm32f4xx_hal_pwr_ex.c ****   while((__HAL_PWR_GET_FLAG(PWR_FLAG_VOSRDY) == RESET))
 311              		.loc 1 264 0
 312 0048 6368     		ldr	r3, [r4, #4]
 313 004a 5B04     		lsls	r3, r3, #17
 314 004c F6D5     		bpl	.L30
 267:Drivers/STM32F4xx_HAL_Driver/Src/stm32f4xx_hal_pwr_ex.c ****     {
 268:Drivers/STM32F4xx_HAL_Driver/Src/stm32f4xx_hal_pwr_ex.c ****       return HAL_TIMEOUT;
 269:Drivers/STM32F4xx_HAL_Driver/Src/stm32f4xx_hal_pwr_ex.c ****     } 
 270:Drivers/STM32F4xx_HAL_Driver/Src/stm32f4xx_hal_pwr_ex.c ****   }
 271:Drivers/STM32F4xx_HAL_Driver/Src/stm32f4xx_hal_pwr_ex.c **** 
 272:Drivers/STM32F4xx_HAL_Driver/Src/stm32f4xx_hal_pwr_ex.c ****   return HAL_OK;
 315              		.loc 1 272 0
 316 004e 0020     		movs	r0, #0
 273:Drivers/STM32F4xx_HAL_Driver/Src/stm32f4xx_hal_pwr_ex.c **** }
 317              		.loc 1 273 0
 318 0050 03B0     		add	sp, sp, #12
 319              	.LCFI4:
 320              		.cfi_remember_state
 321              		.cfi_def_cfa_offset 12
 322              		@ sp needed
 323 0052 30BD     		pop	{r4, r5, pc}
 324              	.LVL20:
 325              	.L31:
 326              	.LCFI5:
 327              		.cfi_restore_state
 268:Drivers/STM32F4xx_HAL_Driver/Src/stm32f4xx_hal_pwr_ex.c ****     } 
 328              		.loc 1 268 0
 329 0054 0320     		movs	r0, #3
 330              		.loc 1 273 0
 331 0056 03B0     		add	sp, sp, #12
 332              	.LCFI6:
 333              		.cfi_def_cfa_offset 12
 334              		@ sp needed
 335 0058 30BD     		pop	{r4, r5, pc}
 336              	.LVL21:
 337              	.L34:
 338 005a 00BF     		.align	2
 339              	.L33:
 340 005c 00380240 		.word	1073887232
 341 0060 00700040 		.word	1073770496
 342              		.cfi_endproc
 343              	.LFE129:
 345              		.text
 346              	.Letext0:
 347              		.file 2 "/usr/include/newlib/machine/_default_types.h"
 348              		.file 3 "/usr/include/newlib/sys/_stdint.h"
 349              		.file 4 "Drivers/CMSIS/Include/core_cm4.h"
 350              		.file 5 "Drivers/CMSIS/Device/ST/STM32F4xx/Include/system_stm32f4xx.h"
 351              		.file 6 "Drivers/CMSIS/Device/ST/STM32F4xx/Include/stm32f407xx.h"
 352              		.file 7 "Drivers/CMSIS/Device/ST/STM32F4xx/Include/stm32f4xx.h"
 353              		.file 8 "/usr/include/newlib/sys/lock.h"
 354              		.file 9 "/usr/include/newlib/sys/_types.h"
 355              		.file 10 "/usr/lib/gcc/arm-none-eabi/6.3.1/include/stddef.h"
 356              		.file 11 "/usr/include/newlib/sys/reent.h"
ARM GAS  /tmp/ccWDcJzF.s 			page 12


 357              		.file 12 "Drivers/STM32F4xx_HAL_Driver/Inc/stm32f4xx_hal_def.h"
 358              		.file 13 "Drivers/STM32F4xx_HAL_Driver/Inc/stm32f4xx_hal.h"
ARM GAS  /tmp/ccWDcJzF.s 			page 13


DEFINED SYMBOLS
                            *ABS*:0000000000000000 stm32f4xx_hal_pwr_ex.c
     /tmp/ccWDcJzF.s:18     .text.HAL_PWREx_EnableBkUpReg:0000000000000000 $t
     /tmp/ccWDcJzF.s:26     .text.HAL_PWREx_EnableBkUpReg:0000000000000000 HAL_PWREx_EnableBkUpReg
     /tmp/ccWDcJzF.s:81     .text.HAL_PWREx_EnableBkUpReg:000000000000002c $d
     /tmp/ccWDcJzF.s:87     .text.HAL_PWREx_DisableBkUpReg:0000000000000000 $t
     /tmp/ccWDcJzF.s:95     .text.HAL_PWREx_DisableBkUpReg:0000000000000000 HAL_PWREx_DisableBkUpReg
     /tmp/ccWDcJzF.s:147    .text.HAL_PWREx_DisableBkUpReg:000000000000002c $d
     /tmp/ccWDcJzF.s:153    .text.HAL_PWREx_EnableFlashPowerDown:0000000000000000 $t
     /tmp/ccWDcJzF.s:161    .text.HAL_PWREx_EnableFlashPowerDown:0000000000000000 HAL_PWREx_EnableFlashPowerDown
     /tmp/ccWDcJzF.s:176    .text.HAL_PWREx_EnableFlashPowerDown:0000000000000008 $d
     /tmp/ccWDcJzF.s:181    .text.HAL_PWREx_DisableFlashPowerDown:0000000000000000 $t
     /tmp/ccWDcJzF.s:189    .text.HAL_PWREx_DisableFlashPowerDown:0000000000000000 HAL_PWREx_DisableFlashPowerDown
     /tmp/ccWDcJzF.s:204    .text.HAL_PWREx_DisableFlashPowerDown:0000000000000008 $d
     /tmp/ccWDcJzF.s:209    .text.HAL_PWREx_GetVoltageRange:0000000000000000 $t
     /tmp/ccWDcJzF.s:217    .text.HAL_PWREx_GetVoltageRange:0000000000000000 HAL_PWREx_GetVoltageRange
     /tmp/ccWDcJzF.s:233    .text.HAL_PWREx_GetVoltageRange:000000000000000c $d
     /tmp/ccWDcJzF.s:238    .text.HAL_PWREx_ControlVoltageScaling:0000000000000000 $t
     /tmp/ccWDcJzF.s:246    .text.HAL_PWREx_ControlVoltageScaling:0000000000000000 HAL_PWREx_ControlVoltageScaling
     /tmp/ccWDcJzF.s:340    .text.HAL_PWREx_ControlVoltageScaling:000000000000005c $d
                     .debug_frame:0000000000000010 $d

UNDEFINED SYMBOLS
HAL_GetTick
