ARM GAS  /tmp/cczy9fBS.s 			page 1


   1              		.cpu cortex-m4
   2              		.eabi_attribute 27, 1
   3              		.eabi_attribute 28, 1
   4              		.eabi_attribute 20, 1
   5              		.eabi_attribute 21, 1
   6              		.eabi_attribute 23, 3
   7              		.eabi_attribute 24, 1
   8              		.eabi_attribute 25, 1
   9              		.eabi_attribute 26, 1
  10              		.eabi_attribute 30, 2
  11              		.eabi_attribute 34, 1
  12              		.eabi_attribute 18, 4
  13              		.file	"stm32f4xx_hal.c"
  14              		.text
  15              	.Ltext0:
  16              		.cfi_sections	.debug_frame
  17              		.section	.text.HAL_MspInit,"ax",%progbits
  18              		.align	1
  19              		.p2align 2,,3
  20              		.weak	HAL_MspInit
  21              		.syntax unified
  22              		.thumb
  23              		.thumb_func
  24              		.fpu fpv4-sp-d16
  26              	HAL_MspInit:
  27              	.LFB151:
  28              		.cfi_startproc
  29              		@ args = 0, pretend = 0, frame = 0
  30              		@ frame_needed = 0, uses_anonymous_args = 0
  31              		@ link register save eliminated.
  32 0000 7047     		bx	lr
  33              		.cfi_endproc
  34              	.LFE151:
  36 0002 00BF     		.section	.text.HAL_MspDeInit,"ax",%progbits
  37              		.align	1
  38              		.p2align 2,,3
  39              		.weak	HAL_MspDeInit
  40              		.syntax unified
  41              		.thumb
  42              		.thumb_func
  43              		.fpu fpv4-sp-d16
  45              	HAL_MspDeInit:
  46              	.LFB127:
  47              		.file 1 "Drivers/STM32F4xx_HAL_Driver/Src/stm32f4xx_hal.c"
   1:Drivers/STM32F4xx_HAL_Driver/Src/stm32f4xx_hal.c **** /**
   2:Drivers/STM32F4xx_HAL_Driver/Src/stm32f4xx_hal.c ****   ******************************************************************************
   3:Drivers/STM32F4xx_HAL_Driver/Src/stm32f4xx_hal.c ****   * @file    stm32f4xx_hal.c
   4:Drivers/STM32F4xx_HAL_Driver/Src/stm32f4xx_hal.c ****   * @author  MCD Application Team
   5:Drivers/STM32F4xx_HAL_Driver/Src/stm32f4xx_hal.c ****   * @brief   HAL module driver.
   6:Drivers/STM32F4xx_HAL_Driver/Src/stm32f4xx_hal.c ****   *          This is the common part of the HAL initialization
   7:Drivers/STM32F4xx_HAL_Driver/Src/stm32f4xx_hal.c ****   *
   8:Drivers/STM32F4xx_HAL_Driver/Src/stm32f4xx_hal.c ****   @verbatim
   9:Drivers/STM32F4xx_HAL_Driver/Src/stm32f4xx_hal.c ****   ==============================================================================
  10:Drivers/STM32F4xx_HAL_Driver/Src/stm32f4xx_hal.c ****                      ##### How to use this driver #####
  11:Drivers/STM32F4xx_HAL_Driver/Src/stm32f4xx_hal.c ****   ==============================================================================
  12:Drivers/STM32F4xx_HAL_Driver/Src/stm32f4xx_hal.c ****     [..]
  13:Drivers/STM32F4xx_HAL_Driver/Src/stm32f4xx_hal.c ****     The common HAL driver contains a set of generic and common APIs that can be
ARM GAS  /tmp/cczy9fBS.s 			page 2


  14:Drivers/STM32F4xx_HAL_Driver/Src/stm32f4xx_hal.c ****     used by the PPP peripheral drivers and the user to start using the HAL. 
  15:Drivers/STM32F4xx_HAL_Driver/Src/stm32f4xx_hal.c ****     [..]
  16:Drivers/STM32F4xx_HAL_Driver/Src/stm32f4xx_hal.c ****     The HAL contains two APIs' categories: 
  17:Drivers/STM32F4xx_HAL_Driver/Src/stm32f4xx_hal.c ****          (+) Common HAL APIs
  18:Drivers/STM32F4xx_HAL_Driver/Src/stm32f4xx_hal.c ****          (+) Services HAL APIs
  19:Drivers/STM32F4xx_HAL_Driver/Src/stm32f4xx_hal.c **** 
  20:Drivers/STM32F4xx_HAL_Driver/Src/stm32f4xx_hal.c ****   @endverbatim
  21:Drivers/STM32F4xx_HAL_Driver/Src/stm32f4xx_hal.c ****   ******************************************************************************
  22:Drivers/STM32F4xx_HAL_Driver/Src/stm32f4xx_hal.c ****   * @attention
  23:Drivers/STM32F4xx_HAL_Driver/Src/stm32f4xx_hal.c ****   *
  24:Drivers/STM32F4xx_HAL_Driver/Src/stm32f4xx_hal.c ****   * <h2><center>&copy; COPYRIGHT(c) 2017 STMicroelectronics</center></h2>
  25:Drivers/STM32F4xx_HAL_Driver/Src/stm32f4xx_hal.c ****   *
  26:Drivers/STM32F4xx_HAL_Driver/Src/stm32f4xx_hal.c ****   * Redistribution and use in source and binary forms, with or without modification,
  27:Drivers/STM32F4xx_HAL_Driver/Src/stm32f4xx_hal.c ****   * are permitted provided that the following conditions are met:
  28:Drivers/STM32F4xx_HAL_Driver/Src/stm32f4xx_hal.c ****   *   1. Redistributions of source code must retain the above copyright notice,
  29:Drivers/STM32F4xx_HAL_Driver/Src/stm32f4xx_hal.c ****   *      this list of conditions and the following disclaimer.
  30:Drivers/STM32F4xx_HAL_Driver/Src/stm32f4xx_hal.c ****   *   2. Redistributions in binary form must reproduce the above copyright notice,
  31:Drivers/STM32F4xx_HAL_Driver/Src/stm32f4xx_hal.c ****   *      this list of conditions and the following disclaimer in the documentation
  32:Drivers/STM32F4xx_HAL_Driver/Src/stm32f4xx_hal.c ****   *      and/or other materials provided with the distribution.
  33:Drivers/STM32F4xx_HAL_Driver/Src/stm32f4xx_hal.c ****   *   3. Neither the name of STMicroelectronics nor the names of its contributors
  34:Drivers/STM32F4xx_HAL_Driver/Src/stm32f4xx_hal.c ****   *      may be used to endorse or promote products derived from this software
  35:Drivers/STM32F4xx_HAL_Driver/Src/stm32f4xx_hal.c ****   *      without specific prior written permission.
  36:Drivers/STM32F4xx_HAL_Driver/Src/stm32f4xx_hal.c ****   *
  37:Drivers/STM32F4xx_HAL_Driver/Src/stm32f4xx_hal.c ****   * THIS SOFTWARE IS PROVIDED BY THE COPYRIGHT HOLDERS AND CONTRIBUTORS "AS IS"
  38:Drivers/STM32F4xx_HAL_Driver/Src/stm32f4xx_hal.c ****   * AND ANY EXPRESS OR IMPLIED WARRANTIES, INCLUDING, BUT NOT LIMITED TO, THE
  39:Drivers/STM32F4xx_HAL_Driver/Src/stm32f4xx_hal.c ****   * IMPLIED WARRANTIES OF MERCHANTABILITY AND FITNESS FOR A PARTICULAR PURPOSE ARE
  40:Drivers/STM32F4xx_HAL_Driver/Src/stm32f4xx_hal.c ****   * DISCLAIMED. IN NO EVENT SHALL THE COPYRIGHT HOLDER OR CONTRIBUTORS BE LIABLE
  41:Drivers/STM32F4xx_HAL_Driver/Src/stm32f4xx_hal.c ****   * FOR ANY DIRECT, INDIRECT, INCIDENTAL, SPECIAL, EXEMPLARY, OR CONSEQUENTIAL
  42:Drivers/STM32F4xx_HAL_Driver/Src/stm32f4xx_hal.c ****   * DAMAGES (INCLUDING, BUT NOT LIMITED TO, PROCUREMENT OF SUBSTITUTE GOODS OR
  43:Drivers/STM32F4xx_HAL_Driver/Src/stm32f4xx_hal.c ****   * SERVICES; LOSS OF USE, DATA, OR PROFITS; OR BUSINESS INTERRUPTION) HOWEVER
  44:Drivers/STM32F4xx_HAL_Driver/Src/stm32f4xx_hal.c ****   * CAUSED AND ON ANY THEORY OF LIABILITY, WHETHER IN CONTRACT, STRICT LIABILITY,
  45:Drivers/STM32F4xx_HAL_Driver/Src/stm32f4xx_hal.c ****   * OR TORT (INCLUDING NEGLIGENCE OR OTHERWISE) ARISING IN ANY WAY OUT OF THE USE
  46:Drivers/STM32F4xx_HAL_Driver/Src/stm32f4xx_hal.c ****   * OF THIS SOFTWARE, EVEN IF ADVISED OF THE POSSIBILITY OF SUCH DAMAGE.
  47:Drivers/STM32F4xx_HAL_Driver/Src/stm32f4xx_hal.c ****   *
  48:Drivers/STM32F4xx_HAL_Driver/Src/stm32f4xx_hal.c ****   ******************************************************************************
  49:Drivers/STM32F4xx_HAL_Driver/Src/stm32f4xx_hal.c ****   */ 
  50:Drivers/STM32F4xx_HAL_Driver/Src/stm32f4xx_hal.c **** 
  51:Drivers/STM32F4xx_HAL_Driver/Src/stm32f4xx_hal.c **** /* Includes ------------------------------------------------------------------*/
  52:Drivers/STM32F4xx_HAL_Driver/Src/stm32f4xx_hal.c **** #include "stm32f4xx_hal.h"
  53:Drivers/STM32F4xx_HAL_Driver/Src/stm32f4xx_hal.c **** 
  54:Drivers/STM32F4xx_HAL_Driver/Src/stm32f4xx_hal.c **** /** @addtogroup STM32F4xx_HAL_Driver
  55:Drivers/STM32F4xx_HAL_Driver/Src/stm32f4xx_hal.c ****   * @{
  56:Drivers/STM32F4xx_HAL_Driver/Src/stm32f4xx_hal.c ****   */
  57:Drivers/STM32F4xx_HAL_Driver/Src/stm32f4xx_hal.c **** 
  58:Drivers/STM32F4xx_HAL_Driver/Src/stm32f4xx_hal.c **** /** @defgroup HAL HAL
  59:Drivers/STM32F4xx_HAL_Driver/Src/stm32f4xx_hal.c ****   * @brief HAL module driver.
  60:Drivers/STM32F4xx_HAL_Driver/Src/stm32f4xx_hal.c ****   * @{
  61:Drivers/STM32F4xx_HAL_Driver/Src/stm32f4xx_hal.c ****   */
  62:Drivers/STM32F4xx_HAL_Driver/Src/stm32f4xx_hal.c **** 
  63:Drivers/STM32F4xx_HAL_Driver/Src/stm32f4xx_hal.c **** /* Private typedef -----------------------------------------------------------*/
  64:Drivers/STM32F4xx_HAL_Driver/Src/stm32f4xx_hal.c **** /* Private define ------------------------------------------------------------*/
  65:Drivers/STM32F4xx_HAL_Driver/Src/stm32f4xx_hal.c **** /** @addtogroup HAL_Private_Constants
  66:Drivers/STM32F4xx_HAL_Driver/Src/stm32f4xx_hal.c ****   * @{
  67:Drivers/STM32F4xx_HAL_Driver/Src/stm32f4xx_hal.c ****   */
  68:Drivers/STM32F4xx_HAL_Driver/Src/stm32f4xx_hal.c **** /**
  69:Drivers/STM32F4xx_HAL_Driver/Src/stm32f4xx_hal.c ****   * @brief STM32F4xx HAL Driver version number V1.7.4
  70:Drivers/STM32F4xx_HAL_Driver/Src/stm32f4xx_hal.c ****   */
ARM GAS  /tmp/cczy9fBS.s 			page 3


  71:Drivers/STM32F4xx_HAL_Driver/Src/stm32f4xx_hal.c **** #define __STM32F4xx_HAL_VERSION_MAIN   (0x01U) /*!< [31:24] main version */
  72:Drivers/STM32F4xx_HAL_Driver/Src/stm32f4xx_hal.c **** #define __STM32F4xx_HAL_VERSION_SUB1   (0x07U) /*!< [23:16] sub1 version */
  73:Drivers/STM32F4xx_HAL_Driver/Src/stm32f4xx_hal.c **** #define __STM32F4xx_HAL_VERSION_SUB2   (0x04U) /*!< [15:8]  sub2 version */
  74:Drivers/STM32F4xx_HAL_Driver/Src/stm32f4xx_hal.c **** #define __STM32F4xx_HAL_VERSION_RC     (0x00U) /*!< [7:0]  release candidate */ 
  75:Drivers/STM32F4xx_HAL_Driver/Src/stm32f4xx_hal.c **** #define __STM32F4xx_HAL_VERSION         ((__STM32F4xx_HAL_VERSION_MAIN << 24U)\
  76:Drivers/STM32F4xx_HAL_Driver/Src/stm32f4xx_hal.c ****                                         |(__STM32F4xx_HAL_VERSION_SUB1 << 16U)\
  77:Drivers/STM32F4xx_HAL_Driver/Src/stm32f4xx_hal.c ****                                         |(__STM32F4xx_HAL_VERSION_SUB2 << 8U )\
  78:Drivers/STM32F4xx_HAL_Driver/Src/stm32f4xx_hal.c ****                                         |(__STM32F4xx_HAL_VERSION_RC))
  79:Drivers/STM32F4xx_HAL_Driver/Src/stm32f4xx_hal.c ****                                         
  80:Drivers/STM32F4xx_HAL_Driver/Src/stm32f4xx_hal.c **** #define IDCODE_DEVID_MASK    0x00000FFFU
  81:Drivers/STM32F4xx_HAL_Driver/Src/stm32f4xx_hal.c **** 
  82:Drivers/STM32F4xx_HAL_Driver/Src/stm32f4xx_hal.c **** /* ------------ RCC registers bit address in the alias region ----------- */
  83:Drivers/STM32F4xx_HAL_Driver/Src/stm32f4xx_hal.c **** #define SYSCFG_OFFSET             (SYSCFG_BASE - PERIPH_BASE)
  84:Drivers/STM32F4xx_HAL_Driver/Src/stm32f4xx_hal.c **** /* ---  MEMRMP Register ---*/ 
  85:Drivers/STM32F4xx_HAL_Driver/Src/stm32f4xx_hal.c **** /* Alias word address of UFB_MODE bit */ 
  86:Drivers/STM32F4xx_HAL_Driver/Src/stm32f4xx_hal.c **** #define MEMRMP_OFFSET             SYSCFG_OFFSET 
  87:Drivers/STM32F4xx_HAL_Driver/Src/stm32f4xx_hal.c **** #define UFB_MODE_BIT_NUMBER       SYSCFG_MEMRMP_UFB_MODE_Pos
  88:Drivers/STM32F4xx_HAL_Driver/Src/stm32f4xx_hal.c **** #define UFB_MODE_BB               (uint32_t)(PERIPH_BB_BASE + (MEMRMP_OFFSET * 32U) + (UFB_MODE_BIT
  89:Drivers/STM32F4xx_HAL_Driver/Src/stm32f4xx_hal.c **** 
  90:Drivers/STM32F4xx_HAL_Driver/Src/stm32f4xx_hal.c **** /* ---  CMPCR Register ---*/ 
  91:Drivers/STM32F4xx_HAL_Driver/Src/stm32f4xx_hal.c **** /* Alias word address of CMP_PD bit */ 
  92:Drivers/STM32F4xx_HAL_Driver/Src/stm32f4xx_hal.c **** #define CMPCR_OFFSET              (SYSCFG_OFFSET + 0x20U) 
  93:Drivers/STM32F4xx_HAL_Driver/Src/stm32f4xx_hal.c **** #define CMP_PD_BIT_NUMBER         SYSCFG_CMPCR_CMP_PD_Pos
  94:Drivers/STM32F4xx_HAL_Driver/Src/stm32f4xx_hal.c **** #define CMPCR_CMP_PD_BB           (uint32_t)(PERIPH_BB_BASE + (CMPCR_OFFSET * 32U) + (CMP_PD_BIT_NU
  95:Drivers/STM32F4xx_HAL_Driver/Src/stm32f4xx_hal.c **** 
  96:Drivers/STM32F4xx_HAL_Driver/Src/stm32f4xx_hal.c **** /* ---  MCHDLYCR Register ---*/ 
  97:Drivers/STM32F4xx_HAL_Driver/Src/stm32f4xx_hal.c **** /* Alias word address of BSCKSEL bit */ 
  98:Drivers/STM32F4xx_HAL_Driver/Src/stm32f4xx_hal.c **** #define MCHDLYCR_OFFSET            (SYSCFG_OFFSET + 0x30U) 
  99:Drivers/STM32F4xx_HAL_Driver/Src/stm32f4xx_hal.c **** #define BSCKSEL_BIT_NUMBER         SYSCFG_MCHDLYCR_BSCKSEL_Pos
 100:Drivers/STM32F4xx_HAL_Driver/Src/stm32f4xx_hal.c **** #define MCHDLYCR_BSCKSEL_BB        (uint32_t)(PERIPH_BB_BASE + (MCHDLYCR_OFFSET * 32U) + (BSCKSEL_B
 101:Drivers/STM32F4xx_HAL_Driver/Src/stm32f4xx_hal.c **** /**
 102:Drivers/STM32F4xx_HAL_Driver/Src/stm32f4xx_hal.c ****   * @}
 103:Drivers/STM32F4xx_HAL_Driver/Src/stm32f4xx_hal.c ****   */
 104:Drivers/STM32F4xx_HAL_Driver/Src/stm32f4xx_hal.c **** 
 105:Drivers/STM32F4xx_HAL_Driver/Src/stm32f4xx_hal.c **** /* Private macro -------------------------------------------------------------*/
 106:Drivers/STM32F4xx_HAL_Driver/Src/stm32f4xx_hal.c **** /* Private variables ---------------------------------------------------------*/
 107:Drivers/STM32F4xx_HAL_Driver/Src/stm32f4xx_hal.c **** /** @addtogroup HAL_Private_Variables
 108:Drivers/STM32F4xx_HAL_Driver/Src/stm32f4xx_hal.c ****   * @{
 109:Drivers/STM32F4xx_HAL_Driver/Src/stm32f4xx_hal.c ****   */
 110:Drivers/STM32F4xx_HAL_Driver/Src/stm32f4xx_hal.c **** __IO uint32_t uwTick;
 111:Drivers/STM32F4xx_HAL_Driver/Src/stm32f4xx_hal.c **** uint32_t uwTickPrio   = (1UL << __NVIC_PRIO_BITS); /* Invalid PRIO */
 112:Drivers/STM32F4xx_HAL_Driver/Src/stm32f4xx_hal.c **** HAL_TickFreqTypeDef uwTickFreq = HAL_TICK_FREQ_DEFAULT;  /* 1KHz */
 113:Drivers/STM32F4xx_HAL_Driver/Src/stm32f4xx_hal.c **** /**
 114:Drivers/STM32F4xx_HAL_Driver/Src/stm32f4xx_hal.c ****   * @}
 115:Drivers/STM32F4xx_HAL_Driver/Src/stm32f4xx_hal.c ****   */
 116:Drivers/STM32F4xx_HAL_Driver/Src/stm32f4xx_hal.c **** /* Private function prototypes -----------------------------------------------*/
 117:Drivers/STM32F4xx_HAL_Driver/Src/stm32f4xx_hal.c **** /* Private functions ---------------------------------------------------------*/
 118:Drivers/STM32F4xx_HAL_Driver/Src/stm32f4xx_hal.c **** 
 119:Drivers/STM32F4xx_HAL_Driver/Src/stm32f4xx_hal.c **** /** @defgroup HAL_Exported_Functions HAL Exported Functions
 120:Drivers/STM32F4xx_HAL_Driver/Src/stm32f4xx_hal.c ****   * @{
 121:Drivers/STM32F4xx_HAL_Driver/Src/stm32f4xx_hal.c ****   */
 122:Drivers/STM32F4xx_HAL_Driver/Src/stm32f4xx_hal.c **** 
 123:Drivers/STM32F4xx_HAL_Driver/Src/stm32f4xx_hal.c **** /** @defgroup HAL_Exported_Functions_Group1 Initialization and de-initialization Functions 
 124:Drivers/STM32F4xx_HAL_Driver/Src/stm32f4xx_hal.c ****  *  @brief    Initialization and de-initialization functions
 125:Drivers/STM32F4xx_HAL_Driver/Src/stm32f4xx_hal.c ****  *
 126:Drivers/STM32F4xx_HAL_Driver/Src/stm32f4xx_hal.c **** @verbatim    
 127:Drivers/STM32F4xx_HAL_Driver/Src/stm32f4xx_hal.c ****  ===============================================================================
ARM GAS  /tmp/cczy9fBS.s 			page 4


 128:Drivers/STM32F4xx_HAL_Driver/Src/stm32f4xx_hal.c ****               ##### Initialization and Configuration functions #####
 129:Drivers/STM32F4xx_HAL_Driver/Src/stm32f4xx_hal.c ****  ===============================================================================
 130:Drivers/STM32F4xx_HAL_Driver/Src/stm32f4xx_hal.c ****     [..]  This section provides functions allowing to:
 131:Drivers/STM32F4xx_HAL_Driver/Src/stm32f4xx_hal.c ****       (+) Initializes the Flash interface the NVIC allocation and initial clock 
 132:Drivers/STM32F4xx_HAL_Driver/Src/stm32f4xx_hal.c ****           configuration. It initializes the systick also when timeout is needed 
 133:Drivers/STM32F4xx_HAL_Driver/Src/stm32f4xx_hal.c ****           and the backup domain when enabled.
 134:Drivers/STM32F4xx_HAL_Driver/Src/stm32f4xx_hal.c ****       (+) De-Initializes common part of the HAL.
 135:Drivers/STM32F4xx_HAL_Driver/Src/stm32f4xx_hal.c ****       (+) Configure the time base source to have 1ms time base with a dedicated 
 136:Drivers/STM32F4xx_HAL_Driver/Src/stm32f4xx_hal.c ****           Tick interrupt priority. 
 137:Drivers/STM32F4xx_HAL_Driver/Src/stm32f4xx_hal.c ****         (++) SysTick timer is used by default as source of time base, but user
 138:Drivers/STM32F4xx_HAL_Driver/Src/stm32f4xx_hal.c ****              can eventually implement his proper time base source (a general purpose 
 139:Drivers/STM32F4xx_HAL_Driver/Src/stm32f4xx_hal.c ****              timer for example or other time source), keeping in mind that Time base 
 140:Drivers/STM32F4xx_HAL_Driver/Src/stm32f4xx_hal.c ****              duration should be kept 1ms since PPP_TIMEOUT_VALUEs are defined and 
 141:Drivers/STM32F4xx_HAL_Driver/Src/stm32f4xx_hal.c ****              handled in milliseconds basis.
 142:Drivers/STM32F4xx_HAL_Driver/Src/stm32f4xx_hal.c ****         (++) Time base configuration function (HAL_InitTick ()) is called automatically 
 143:Drivers/STM32F4xx_HAL_Driver/Src/stm32f4xx_hal.c ****              at the beginning of the program after reset by HAL_Init() or at any time 
 144:Drivers/STM32F4xx_HAL_Driver/Src/stm32f4xx_hal.c ****              when clock is configured, by HAL_RCC_ClockConfig(). 
 145:Drivers/STM32F4xx_HAL_Driver/Src/stm32f4xx_hal.c ****         (++) Source of time base is configured  to generate interrupts at regular 
 146:Drivers/STM32F4xx_HAL_Driver/Src/stm32f4xx_hal.c ****              time intervals. Care must be taken if HAL_Delay() is called from a 
 147:Drivers/STM32F4xx_HAL_Driver/Src/stm32f4xx_hal.c ****              peripheral ISR process, the Tick interrupt line must have higher priority 
 148:Drivers/STM32F4xx_HAL_Driver/Src/stm32f4xx_hal.c ****             (numerically lower) than the peripheral interrupt. Otherwise the caller 
 149:Drivers/STM32F4xx_HAL_Driver/Src/stm32f4xx_hal.c ****             ISR process will be blocked. 
 150:Drivers/STM32F4xx_HAL_Driver/Src/stm32f4xx_hal.c ****        (++) functions affecting time base configurations are declared as __weak  
 151:Drivers/STM32F4xx_HAL_Driver/Src/stm32f4xx_hal.c ****              to make  override possible  in case of other  implementations in user file.
 152:Drivers/STM32F4xx_HAL_Driver/Src/stm32f4xx_hal.c **** @endverbatim
 153:Drivers/STM32F4xx_HAL_Driver/Src/stm32f4xx_hal.c ****   * @{
 154:Drivers/STM32F4xx_HAL_Driver/Src/stm32f4xx_hal.c ****   */
 155:Drivers/STM32F4xx_HAL_Driver/Src/stm32f4xx_hal.c **** 
 156:Drivers/STM32F4xx_HAL_Driver/Src/stm32f4xx_hal.c **** /**
 157:Drivers/STM32F4xx_HAL_Driver/Src/stm32f4xx_hal.c ****   * @brief  This function is used to initialize the HAL Library; it must be the first 
 158:Drivers/STM32F4xx_HAL_Driver/Src/stm32f4xx_hal.c ****   *         instruction to be executed in the main program (before to call any other
 159:Drivers/STM32F4xx_HAL_Driver/Src/stm32f4xx_hal.c ****   *         HAL function), it performs the following:
 160:Drivers/STM32F4xx_HAL_Driver/Src/stm32f4xx_hal.c ****   *           Configure the Flash prefetch, instruction and Data caches.
 161:Drivers/STM32F4xx_HAL_Driver/Src/stm32f4xx_hal.c ****   *           Configures the SysTick to generate an interrupt each 1 millisecond,
 162:Drivers/STM32F4xx_HAL_Driver/Src/stm32f4xx_hal.c ****   *           which is clocked by the HSI (at this stage, the clock is not yet
 163:Drivers/STM32F4xx_HAL_Driver/Src/stm32f4xx_hal.c ****   *           configured and thus the system is running from the internal HSI at 16 MHz).
 164:Drivers/STM32F4xx_HAL_Driver/Src/stm32f4xx_hal.c ****   *           Set NVIC Group Priority to 4.
 165:Drivers/STM32F4xx_HAL_Driver/Src/stm32f4xx_hal.c ****   *           Calls the HAL_MspInit() callback function defined in user file 
 166:Drivers/STM32F4xx_HAL_Driver/Src/stm32f4xx_hal.c ****   *           "stm32f4xx_hal_msp.c" to do the global low level hardware initialization 
 167:Drivers/STM32F4xx_HAL_Driver/Src/stm32f4xx_hal.c ****   *            
 168:Drivers/STM32F4xx_HAL_Driver/Src/stm32f4xx_hal.c ****   * @note   SysTick is used as time base for the HAL_Delay() function, the application
 169:Drivers/STM32F4xx_HAL_Driver/Src/stm32f4xx_hal.c ****   *         need to ensure that the SysTick time base is always set to 1 millisecond
 170:Drivers/STM32F4xx_HAL_Driver/Src/stm32f4xx_hal.c ****   *         to have correct HAL operation.
 171:Drivers/STM32F4xx_HAL_Driver/Src/stm32f4xx_hal.c ****   * @retval HAL status
 172:Drivers/STM32F4xx_HAL_Driver/Src/stm32f4xx_hal.c ****   */
 173:Drivers/STM32F4xx_HAL_Driver/Src/stm32f4xx_hal.c **** HAL_StatusTypeDef HAL_Init(void)
 174:Drivers/STM32F4xx_HAL_Driver/Src/stm32f4xx_hal.c **** {
 175:Drivers/STM32F4xx_HAL_Driver/Src/stm32f4xx_hal.c ****   /* Configure Flash prefetch, Instruction cache, Data cache */ 
 176:Drivers/STM32F4xx_HAL_Driver/Src/stm32f4xx_hal.c **** #if (INSTRUCTION_CACHE_ENABLE != 0U)
 177:Drivers/STM32F4xx_HAL_Driver/Src/stm32f4xx_hal.c ****   __HAL_FLASH_INSTRUCTION_CACHE_ENABLE();
 178:Drivers/STM32F4xx_HAL_Driver/Src/stm32f4xx_hal.c **** #endif /* INSTRUCTION_CACHE_ENABLE */
 179:Drivers/STM32F4xx_HAL_Driver/Src/stm32f4xx_hal.c **** 
 180:Drivers/STM32F4xx_HAL_Driver/Src/stm32f4xx_hal.c **** #if (DATA_CACHE_ENABLE != 0U)
 181:Drivers/STM32F4xx_HAL_Driver/Src/stm32f4xx_hal.c ****   __HAL_FLASH_DATA_CACHE_ENABLE();
 182:Drivers/STM32F4xx_HAL_Driver/Src/stm32f4xx_hal.c **** #endif /* DATA_CACHE_ENABLE */
 183:Drivers/STM32F4xx_HAL_Driver/Src/stm32f4xx_hal.c **** 
 184:Drivers/STM32F4xx_HAL_Driver/Src/stm32f4xx_hal.c **** #if (PREFETCH_ENABLE != 0U)
ARM GAS  /tmp/cczy9fBS.s 			page 5


 185:Drivers/STM32F4xx_HAL_Driver/Src/stm32f4xx_hal.c ****   __HAL_FLASH_PREFETCH_BUFFER_ENABLE();
 186:Drivers/STM32F4xx_HAL_Driver/Src/stm32f4xx_hal.c **** #endif /* PREFETCH_ENABLE */
 187:Drivers/STM32F4xx_HAL_Driver/Src/stm32f4xx_hal.c **** 
 188:Drivers/STM32F4xx_HAL_Driver/Src/stm32f4xx_hal.c ****   /* Set Interrupt Group Priority */
 189:Drivers/STM32F4xx_HAL_Driver/Src/stm32f4xx_hal.c ****   HAL_NVIC_SetPriorityGrouping(NVIC_PRIORITYGROUP_4);
 190:Drivers/STM32F4xx_HAL_Driver/Src/stm32f4xx_hal.c **** 
 191:Drivers/STM32F4xx_HAL_Driver/Src/stm32f4xx_hal.c ****   /* Use systick as time base source and configure 1ms tick (default clock after Reset is HSI) */
 192:Drivers/STM32F4xx_HAL_Driver/Src/stm32f4xx_hal.c ****   HAL_InitTick(TICK_INT_PRIORITY);
 193:Drivers/STM32F4xx_HAL_Driver/Src/stm32f4xx_hal.c **** 
 194:Drivers/STM32F4xx_HAL_Driver/Src/stm32f4xx_hal.c ****   /* Init the low level hardware */
 195:Drivers/STM32F4xx_HAL_Driver/Src/stm32f4xx_hal.c ****   HAL_MspInit();
 196:Drivers/STM32F4xx_HAL_Driver/Src/stm32f4xx_hal.c **** 
 197:Drivers/STM32F4xx_HAL_Driver/Src/stm32f4xx_hal.c ****   /* Return function status */
 198:Drivers/STM32F4xx_HAL_Driver/Src/stm32f4xx_hal.c ****   return HAL_OK;
 199:Drivers/STM32F4xx_HAL_Driver/Src/stm32f4xx_hal.c **** }
 200:Drivers/STM32F4xx_HAL_Driver/Src/stm32f4xx_hal.c **** 
 201:Drivers/STM32F4xx_HAL_Driver/Src/stm32f4xx_hal.c **** /**
 202:Drivers/STM32F4xx_HAL_Driver/Src/stm32f4xx_hal.c ****   * @brief  This function de-Initializes common part of the HAL and stops the systick.
 203:Drivers/STM32F4xx_HAL_Driver/Src/stm32f4xx_hal.c ****   *         This function is optional.   
 204:Drivers/STM32F4xx_HAL_Driver/Src/stm32f4xx_hal.c ****   * @retval HAL status
 205:Drivers/STM32F4xx_HAL_Driver/Src/stm32f4xx_hal.c ****   */
 206:Drivers/STM32F4xx_HAL_Driver/Src/stm32f4xx_hal.c **** HAL_StatusTypeDef HAL_DeInit(void)
 207:Drivers/STM32F4xx_HAL_Driver/Src/stm32f4xx_hal.c **** {
 208:Drivers/STM32F4xx_HAL_Driver/Src/stm32f4xx_hal.c ****   /* Reset of all peripherals */
 209:Drivers/STM32F4xx_HAL_Driver/Src/stm32f4xx_hal.c ****   __HAL_RCC_APB1_FORCE_RESET();
 210:Drivers/STM32F4xx_HAL_Driver/Src/stm32f4xx_hal.c ****   __HAL_RCC_APB1_RELEASE_RESET();
 211:Drivers/STM32F4xx_HAL_Driver/Src/stm32f4xx_hal.c **** 
 212:Drivers/STM32F4xx_HAL_Driver/Src/stm32f4xx_hal.c ****   __HAL_RCC_APB2_FORCE_RESET();
 213:Drivers/STM32F4xx_HAL_Driver/Src/stm32f4xx_hal.c ****   __HAL_RCC_APB2_RELEASE_RESET();
 214:Drivers/STM32F4xx_HAL_Driver/Src/stm32f4xx_hal.c **** 
 215:Drivers/STM32F4xx_HAL_Driver/Src/stm32f4xx_hal.c ****   __HAL_RCC_AHB1_FORCE_RESET();
 216:Drivers/STM32F4xx_HAL_Driver/Src/stm32f4xx_hal.c ****   __HAL_RCC_AHB1_RELEASE_RESET();
 217:Drivers/STM32F4xx_HAL_Driver/Src/stm32f4xx_hal.c **** 
 218:Drivers/STM32F4xx_HAL_Driver/Src/stm32f4xx_hal.c ****   __HAL_RCC_AHB2_FORCE_RESET();
 219:Drivers/STM32F4xx_HAL_Driver/Src/stm32f4xx_hal.c ****   __HAL_RCC_AHB2_RELEASE_RESET();
 220:Drivers/STM32F4xx_HAL_Driver/Src/stm32f4xx_hal.c **** 
 221:Drivers/STM32F4xx_HAL_Driver/Src/stm32f4xx_hal.c ****   __HAL_RCC_AHB3_FORCE_RESET();
 222:Drivers/STM32F4xx_HAL_Driver/Src/stm32f4xx_hal.c ****   __HAL_RCC_AHB3_RELEASE_RESET();
 223:Drivers/STM32F4xx_HAL_Driver/Src/stm32f4xx_hal.c **** 
 224:Drivers/STM32F4xx_HAL_Driver/Src/stm32f4xx_hal.c ****   /* De-Init the low level hardware */
 225:Drivers/STM32F4xx_HAL_Driver/Src/stm32f4xx_hal.c ****   HAL_MspDeInit();
 226:Drivers/STM32F4xx_HAL_Driver/Src/stm32f4xx_hal.c ****     
 227:Drivers/STM32F4xx_HAL_Driver/Src/stm32f4xx_hal.c ****   /* Return function status */
 228:Drivers/STM32F4xx_HAL_Driver/Src/stm32f4xx_hal.c ****   return HAL_OK;
 229:Drivers/STM32F4xx_HAL_Driver/Src/stm32f4xx_hal.c **** }
 230:Drivers/STM32F4xx_HAL_Driver/Src/stm32f4xx_hal.c **** 
 231:Drivers/STM32F4xx_HAL_Driver/Src/stm32f4xx_hal.c **** /**
 232:Drivers/STM32F4xx_HAL_Driver/Src/stm32f4xx_hal.c ****   * @brief  Initialize the MSP.
 233:Drivers/STM32F4xx_HAL_Driver/Src/stm32f4xx_hal.c ****   * @retval None
 234:Drivers/STM32F4xx_HAL_Driver/Src/stm32f4xx_hal.c ****   */
 235:Drivers/STM32F4xx_HAL_Driver/Src/stm32f4xx_hal.c **** __weak void HAL_MspInit(void)
 236:Drivers/STM32F4xx_HAL_Driver/Src/stm32f4xx_hal.c **** {
 237:Drivers/STM32F4xx_HAL_Driver/Src/stm32f4xx_hal.c ****   /* NOTE : This function should not be modified, when the callback is needed,
 238:Drivers/STM32F4xx_HAL_Driver/Src/stm32f4xx_hal.c ****             the HAL_MspInit could be implemented in the user file
 239:Drivers/STM32F4xx_HAL_Driver/Src/stm32f4xx_hal.c ****    */
 240:Drivers/STM32F4xx_HAL_Driver/Src/stm32f4xx_hal.c **** }
 241:Drivers/STM32F4xx_HAL_Driver/Src/stm32f4xx_hal.c **** 
ARM GAS  /tmp/cczy9fBS.s 			page 6


 242:Drivers/STM32F4xx_HAL_Driver/Src/stm32f4xx_hal.c **** /**
 243:Drivers/STM32F4xx_HAL_Driver/Src/stm32f4xx_hal.c ****   * @brief  DeInitializes the MSP.
 244:Drivers/STM32F4xx_HAL_Driver/Src/stm32f4xx_hal.c ****   * @retval None
 245:Drivers/STM32F4xx_HAL_Driver/Src/stm32f4xx_hal.c ****   */
 246:Drivers/STM32F4xx_HAL_Driver/Src/stm32f4xx_hal.c **** __weak void HAL_MspDeInit(void)
 247:Drivers/STM32F4xx_HAL_Driver/Src/stm32f4xx_hal.c **** {
  48              		.loc 1 247 0
  49              		.cfi_startproc
  50              		@ args = 0, pretend = 0, frame = 0
  51              		@ frame_needed = 0, uses_anonymous_args = 0
  52              		@ link register save eliminated.
  53 0000 7047     		bx	lr
  54              		.cfi_endproc
  55              	.LFE127:
  57 0002 00BF     		.section	.text.HAL_DeInit,"ax",%progbits
  58              		.align	1
  59              		.p2align 2,,3
  60              		.global	HAL_DeInit
  61              		.syntax unified
  62              		.thumb
  63              		.thumb_func
  64              		.fpu fpv4-sp-d16
  66              	HAL_DeInit:
  67              	.LFB125:
 207:Drivers/STM32F4xx_HAL_Driver/Src/stm32f4xx_hal.c ****   /* Reset of all peripherals */
  68              		.loc 1 207 0
  69              		.cfi_startproc
  70              		@ args = 0, pretend = 0, frame = 0
  71              		@ frame_needed = 0, uses_anonymous_args = 0
 207:Drivers/STM32F4xx_HAL_Driver/Src/stm32f4xx_hal.c ****   /* Reset of all peripherals */
  72              		.loc 1 207 0
  73 0000 10B5     		push	{r4, lr}
  74              	.LCFI0:
  75              		.cfi_def_cfa_offset 8
  76              		.cfi_offset 4, -8
  77              		.cfi_offset 14, -4
 209:Drivers/STM32F4xx_HAL_Driver/Src/stm32f4xx_hal.c ****   __HAL_RCC_APB1_RELEASE_RESET();
  78              		.loc 1 209 0
  79 0002 094B     		ldr	r3, .L5
  80 0004 4FF0FF32 		mov	r2, #-1
 210:Drivers/STM32F4xx_HAL_Driver/Src/stm32f4xx_hal.c **** 
  81              		.loc 1 210 0
  82 0008 0024     		movs	r4, #0
 209:Drivers/STM32F4xx_HAL_Driver/Src/stm32f4xx_hal.c ****   __HAL_RCC_APB1_RELEASE_RESET();
  83              		.loc 1 209 0
  84 000a 1A62     		str	r2, [r3, #32]
 210:Drivers/STM32F4xx_HAL_Driver/Src/stm32f4xx_hal.c **** 
  85              		.loc 1 210 0
  86 000c 1C62     		str	r4, [r3, #32]
 212:Drivers/STM32F4xx_HAL_Driver/Src/stm32f4xx_hal.c ****   __HAL_RCC_APB2_RELEASE_RESET();
  87              		.loc 1 212 0
  88 000e 5A62     		str	r2, [r3, #36]
 213:Drivers/STM32F4xx_HAL_Driver/Src/stm32f4xx_hal.c **** 
  89              		.loc 1 213 0
  90 0010 5C62     		str	r4, [r3, #36]
 215:Drivers/STM32F4xx_HAL_Driver/Src/stm32f4xx_hal.c ****   __HAL_RCC_AHB1_RELEASE_RESET();
  91              		.loc 1 215 0
ARM GAS  /tmp/cczy9fBS.s 			page 7


  92 0012 1A61     		str	r2, [r3, #16]
 216:Drivers/STM32F4xx_HAL_Driver/Src/stm32f4xx_hal.c **** 
  93              		.loc 1 216 0
  94 0014 1C61     		str	r4, [r3, #16]
 218:Drivers/STM32F4xx_HAL_Driver/Src/stm32f4xx_hal.c ****   __HAL_RCC_AHB2_RELEASE_RESET();
  95              		.loc 1 218 0
  96 0016 5A61     		str	r2, [r3, #20]
 219:Drivers/STM32F4xx_HAL_Driver/Src/stm32f4xx_hal.c **** 
  97              		.loc 1 219 0
  98 0018 5C61     		str	r4, [r3, #20]
 221:Drivers/STM32F4xx_HAL_Driver/Src/stm32f4xx_hal.c ****   __HAL_RCC_AHB3_RELEASE_RESET();
  99              		.loc 1 221 0
 100 001a 9A61     		str	r2, [r3, #24]
 222:Drivers/STM32F4xx_HAL_Driver/Src/stm32f4xx_hal.c **** 
 101              		.loc 1 222 0
 102 001c 9C61     		str	r4, [r3, #24]
 225:Drivers/STM32F4xx_HAL_Driver/Src/stm32f4xx_hal.c ****     
 103              		.loc 1 225 0
 104 001e FFF7FEFF 		bl	HAL_MspDeInit
 105              	.LVL0:
 229:Drivers/STM32F4xx_HAL_Driver/Src/stm32f4xx_hal.c **** 
 106              		.loc 1 229 0
 107 0022 2046     		mov	r0, r4
 108 0024 10BD     		pop	{r4, pc}
 109              	.L6:
 110 0026 00BF     		.align	2
 111              	.L5:
 112 0028 00380240 		.word	1073887232
 113              		.cfi_endproc
 114              	.LFE125:
 116              		.section	.text.HAL_InitTick,"ax",%progbits
 117              		.align	1
 118              		.p2align 2,,3
 119              		.weak	HAL_InitTick
 120              		.syntax unified
 121              		.thumb
 122              		.thumb_func
 123              		.fpu fpv4-sp-d16
 125              	HAL_InitTick:
 126              	.LFB128:
 248:Drivers/STM32F4xx_HAL_Driver/Src/stm32f4xx_hal.c ****   /* NOTE : This function should not be modified, when the callback is needed,
 249:Drivers/STM32F4xx_HAL_Driver/Src/stm32f4xx_hal.c ****             the HAL_MspDeInit could be implemented in the user file
 250:Drivers/STM32F4xx_HAL_Driver/Src/stm32f4xx_hal.c ****    */ 
 251:Drivers/STM32F4xx_HAL_Driver/Src/stm32f4xx_hal.c **** }
 252:Drivers/STM32F4xx_HAL_Driver/Src/stm32f4xx_hal.c **** 
 253:Drivers/STM32F4xx_HAL_Driver/Src/stm32f4xx_hal.c **** /**
 254:Drivers/STM32F4xx_HAL_Driver/Src/stm32f4xx_hal.c ****   * @brief This function configures the source of the time base.
 255:Drivers/STM32F4xx_HAL_Driver/Src/stm32f4xx_hal.c ****   *        The time source is configured  to have 1ms time base with a dedicated 
 256:Drivers/STM32F4xx_HAL_Driver/Src/stm32f4xx_hal.c ****   *        Tick interrupt priority.
 257:Drivers/STM32F4xx_HAL_Driver/Src/stm32f4xx_hal.c ****   * @note This function is called  automatically at the beginning of program after
 258:Drivers/STM32F4xx_HAL_Driver/Src/stm32f4xx_hal.c ****   *       reset by HAL_Init() or at any time when clock is reconfigured  by HAL_RCC_ClockConfig().
 259:Drivers/STM32F4xx_HAL_Driver/Src/stm32f4xx_hal.c ****   * @note In the default implementation, SysTick timer is the source of time base. 
 260:Drivers/STM32F4xx_HAL_Driver/Src/stm32f4xx_hal.c ****   *       It is used to generate interrupts at regular time intervals. 
 261:Drivers/STM32F4xx_HAL_Driver/Src/stm32f4xx_hal.c ****   *       Care must be taken if HAL_Delay() is called from a peripheral ISR process, 
 262:Drivers/STM32F4xx_HAL_Driver/Src/stm32f4xx_hal.c ****   *       The SysTick interrupt must have higher priority (numerically lower)
 263:Drivers/STM32F4xx_HAL_Driver/Src/stm32f4xx_hal.c ****   *       than the peripheral interrupt. Otherwise the caller ISR process will be blocked.
 264:Drivers/STM32F4xx_HAL_Driver/Src/stm32f4xx_hal.c ****   *       The function is declared as __weak  to be overwritten  in case of other
ARM GAS  /tmp/cczy9fBS.s 			page 8


 265:Drivers/STM32F4xx_HAL_Driver/Src/stm32f4xx_hal.c ****   *       implementation  in user file.
 266:Drivers/STM32F4xx_HAL_Driver/Src/stm32f4xx_hal.c ****   * @param TickPriority Tick interrupt priority.
 267:Drivers/STM32F4xx_HAL_Driver/Src/stm32f4xx_hal.c ****   * @retval HAL status
 268:Drivers/STM32F4xx_HAL_Driver/Src/stm32f4xx_hal.c ****   */
 269:Drivers/STM32F4xx_HAL_Driver/Src/stm32f4xx_hal.c **** __weak HAL_StatusTypeDef HAL_InitTick(uint32_t TickPriority)
 270:Drivers/STM32F4xx_HAL_Driver/Src/stm32f4xx_hal.c **** {
 127              		.loc 1 270 0
 128              		.cfi_startproc
 129              		@ args = 0, pretend = 0, frame = 0
 130              		@ frame_needed = 0, uses_anonymous_args = 0
 131              	.LVL1:
 132 0000 38B5     		push	{r3, r4, r5, lr}
 133              	.LCFI1:
 134              		.cfi_def_cfa_offset 16
 135              		.cfi_offset 3, -16
 136              		.cfi_offset 4, -12
 137              		.cfi_offset 5, -8
 138              		.cfi_offset 14, -4
 271:Drivers/STM32F4xx_HAL_Driver/Src/stm32f4xx_hal.c ****   /* Configure the SysTick to have interrupt in 1ms time basis*/
 272:Drivers/STM32F4xx_HAL_Driver/Src/stm32f4xx_hal.c ****   if (HAL_SYSTICK_Config(SystemCoreClock / (1000U / uwTickFreq)) > 0U)
 139              		.loc 1 272 0
 140 0002 0E4A     		ldr	r2, .L14
 141 0004 0E4B     		ldr	r3, .L14+4
 142 0006 1278     		ldrb	r2, [r2]	@ zero_extendqisi2
 143 0008 1B68     		ldr	r3, [r3]
 270:Drivers/STM32F4xx_HAL_Driver/Src/stm32f4xx_hal.c ****   /* Configure the SysTick to have interrupt in 1ms time basis*/
 144              		.loc 1 270 0
 145 000a 0546     		mov	r5, r0
 146              		.loc 1 272 0
 147 000c 4FF47A70 		mov	r0, #1000
 148              	.LVL2:
 149 0010 B0FBF2F0 		udiv	r0, r0, r2
 150 0014 B3FBF0F0 		udiv	r0, r3, r0
 151 0018 FFF7FEFF 		bl	HAL_SYSTICK_Config
 152              	.LVL3:
 153 001c 08B9     		cbnz	r0, .L10
 273:Drivers/STM32F4xx_HAL_Driver/Src/stm32f4xx_hal.c ****   {
 274:Drivers/STM32F4xx_HAL_Driver/Src/stm32f4xx_hal.c ****     return HAL_ERROR;
 275:Drivers/STM32F4xx_HAL_Driver/Src/stm32f4xx_hal.c ****   }
 276:Drivers/STM32F4xx_HAL_Driver/Src/stm32f4xx_hal.c **** 
 277:Drivers/STM32F4xx_HAL_Driver/Src/stm32f4xx_hal.c ****   /* Configure the SysTick IRQ priority */
 278:Drivers/STM32F4xx_HAL_Driver/Src/stm32f4xx_hal.c ****   if (TickPriority < (1UL << __NVIC_PRIO_BITS))
 154              		.loc 1 278 0
 155 001e 0F2D     		cmp	r5, #15
 156 0020 01D9     		bls	.L13
 157              	.L10:
 274:Drivers/STM32F4xx_HAL_Driver/Src/stm32f4xx_hal.c ****   }
 158              		.loc 1 274 0
 159 0022 0120     		movs	r0, #1
 279:Drivers/STM32F4xx_HAL_Driver/Src/stm32f4xx_hal.c ****   {
 280:Drivers/STM32F4xx_HAL_Driver/Src/stm32f4xx_hal.c ****     HAL_NVIC_SetPriority(SysTick_IRQn, TickPriority, 0U);
 281:Drivers/STM32F4xx_HAL_Driver/Src/stm32f4xx_hal.c ****     uwTickPrio = TickPriority;
 282:Drivers/STM32F4xx_HAL_Driver/Src/stm32f4xx_hal.c ****   }
 283:Drivers/STM32F4xx_HAL_Driver/Src/stm32f4xx_hal.c ****   else
 284:Drivers/STM32F4xx_HAL_Driver/Src/stm32f4xx_hal.c ****   {
 285:Drivers/STM32F4xx_HAL_Driver/Src/stm32f4xx_hal.c ****     return HAL_ERROR;
 286:Drivers/STM32F4xx_HAL_Driver/Src/stm32f4xx_hal.c ****   }
ARM GAS  /tmp/cczy9fBS.s 			page 9


 287:Drivers/STM32F4xx_HAL_Driver/Src/stm32f4xx_hal.c **** 
 288:Drivers/STM32F4xx_HAL_Driver/Src/stm32f4xx_hal.c ****   /* Return function status */
 289:Drivers/STM32F4xx_HAL_Driver/Src/stm32f4xx_hal.c ****   return HAL_OK;
 290:Drivers/STM32F4xx_HAL_Driver/Src/stm32f4xx_hal.c **** }
 160              		.loc 1 290 0
 161 0024 38BD     		pop	{r3, r4, r5, pc}
 162              	.LVL4:
 163              	.L13:
 164 0026 0446     		mov	r4, r0
 165              	.LVL5:
 166              	.LBB4:
 167              	.LBB5:
 280:Drivers/STM32F4xx_HAL_Driver/Src/stm32f4xx_hal.c ****     uwTickPrio = TickPriority;
 168              		.loc 1 280 0
 169 0028 0246     		mov	r2, r0
 170 002a 2946     		mov	r1, r5
 171 002c 4FF0FF30 		mov	r0, #-1
 172 0030 FFF7FEFF 		bl	HAL_NVIC_SetPriority
 173              	.LVL6:
 281:Drivers/STM32F4xx_HAL_Driver/Src/stm32f4xx_hal.c ****   }
 174              		.loc 1 281 0
 175 0034 034B     		ldr	r3, .L14+8
 176 0036 2046     		mov	r0, r4
 177 0038 1D60     		str	r5, [r3]
 178              	.LVL7:
 179 003a 38BD     		pop	{r3, r4, r5, pc}
 180              	.LVL8:
 181              	.L15:
 182              		.align	2
 183              	.L14:
 184 003c 00000000 		.word	.LANCHOR0
 185 0040 00000000 		.word	SystemCoreClock
 186 0044 00000000 		.word	.LANCHOR1
 187              	.LBE5:
 188              	.LBE4:
 189              		.cfi_endproc
 190              	.LFE128:
 192              		.section	.text.HAL_Init,"ax",%progbits
 193              		.align	1
 194              		.p2align 2,,3
 195              		.global	HAL_Init
 196              		.syntax unified
 197              		.thumb
 198              		.thumb_func
 199              		.fpu fpv4-sp-d16
 201              	HAL_Init:
 202              	.LFB124:
 174:Drivers/STM32F4xx_HAL_Driver/Src/stm32f4xx_hal.c ****   /* Configure Flash prefetch, Instruction cache, Data cache */ 
 203              		.loc 1 174 0
 204              		.cfi_startproc
 205              		@ args = 0, pretend = 0, frame = 0
 206              		@ frame_needed = 0, uses_anonymous_args = 0
 207 0000 08B5     		push	{r3, lr}
 208              	.LCFI2:
 209              		.cfi_def_cfa_offset 8
 210              		.cfi_offset 3, -8
 211              		.cfi_offset 14, -4
ARM GAS  /tmp/cczy9fBS.s 			page 10


 177:Drivers/STM32F4xx_HAL_Driver/Src/stm32f4xx_hal.c **** #endif /* INSTRUCTION_CACHE_ENABLE */
 212              		.loc 1 177 0
 213 0002 0B4B     		ldr	r3, .L18
 214 0004 1A68     		ldr	r2, [r3]
 215 0006 42F40072 		orr	r2, r2, #512
 216 000a 1A60     		str	r2, [r3]
 181:Drivers/STM32F4xx_HAL_Driver/Src/stm32f4xx_hal.c **** #endif /* DATA_CACHE_ENABLE */
 217              		.loc 1 181 0
 218 000c 1A68     		ldr	r2, [r3]
 219 000e 42F48062 		orr	r2, r2, #1024
 220 0012 1A60     		str	r2, [r3]
 185:Drivers/STM32F4xx_HAL_Driver/Src/stm32f4xx_hal.c **** #endif /* PREFETCH_ENABLE */
 221              		.loc 1 185 0
 222 0014 1A68     		ldr	r2, [r3]
 223 0016 42F48072 		orr	r2, r2, #256
 224 001a 1A60     		str	r2, [r3]
 189:Drivers/STM32F4xx_HAL_Driver/Src/stm32f4xx_hal.c **** 
 225              		.loc 1 189 0
 226 001c 0320     		movs	r0, #3
 227 001e FFF7FEFF 		bl	HAL_NVIC_SetPriorityGrouping
 228              	.LVL9:
 192:Drivers/STM32F4xx_HAL_Driver/Src/stm32f4xx_hal.c **** 
 229              		.loc 1 192 0
 230 0022 0020     		movs	r0, #0
 231 0024 FFF7FEFF 		bl	HAL_InitTick
 232              	.LVL10:
 195:Drivers/STM32F4xx_HAL_Driver/Src/stm32f4xx_hal.c **** 
 233              		.loc 1 195 0
 234 0028 FFF7FEFF 		bl	HAL_MspInit
 235              	.LVL11:
 199:Drivers/STM32F4xx_HAL_Driver/Src/stm32f4xx_hal.c **** 
 236              		.loc 1 199 0
 237 002c 0020     		movs	r0, #0
 238 002e 08BD     		pop	{r3, pc}
 239              	.L19:
 240              		.align	2
 241              	.L18:
 242 0030 003C0240 		.word	1073888256
 243              		.cfi_endproc
 244              	.LFE124:
 246              		.section	.text.HAL_IncTick,"ax",%progbits
 247              		.align	1
 248              		.p2align 2,,3
 249              		.weak	HAL_IncTick
 250              		.syntax unified
 251              		.thumb
 252              		.thumb_func
 253              		.fpu fpv4-sp-d16
 255              	HAL_IncTick:
 256              	.LFB129:
 291:Drivers/STM32F4xx_HAL_Driver/Src/stm32f4xx_hal.c **** 
 292:Drivers/STM32F4xx_HAL_Driver/Src/stm32f4xx_hal.c **** /**
 293:Drivers/STM32F4xx_HAL_Driver/Src/stm32f4xx_hal.c ****   * @}
 294:Drivers/STM32F4xx_HAL_Driver/Src/stm32f4xx_hal.c ****   */
 295:Drivers/STM32F4xx_HAL_Driver/Src/stm32f4xx_hal.c **** 
 296:Drivers/STM32F4xx_HAL_Driver/Src/stm32f4xx_hal.c **** /** @defgroup HAL_Exported_Functions_Group2 HAL Control functions 
 297:Drivers/STM32F4xx_HAL_Driver/Src/stm32f4xx_hal.c ****  *  @brief    HAL Control functions
ARM GAS  /tmp/cczy9fBS.s 			page 11


 298:Drivers/STM32F4xx_HAL_Driver/Src/stm32f4xx_hal.c ****  *
 299:Drivers/STM32F4xx_HAL_Driver/Src/stm32f4xx_hal.c **** @verbatim
 300:Drivers/STM32F4xx_HAL_Driver/Src/stm32f4xx_hal.c ****  ===============================================================================
 301:Drivers/STM32F4xx_HAL_Driver/Src/stm32f4xx_hal.c ****                       ##### HAL Control functions #####
 302:Drivers/STM32F4xx_HAL_Driver/Src/stm32f4xx_hal.c ****  ===============================================================================
 303:Drivers/STM32F4xx_HAL_Driver/Src/stm32f4xx_hal.c ****     [..]  This section provides functions allowing to:
 304:Drivers/STM32F4xx_HAL_Driver/Src/stm32f4xx_hal.c ****       (+) Provide a tick value in millisecond
 305:Drivers/STM32F4xx_HAL_Driver/Src/stm32f4xx_hal.c ****       (+) Provide a blocking delay in millisecond
 306:Drivers/STM32F4xx_HAL_Driver/Src/stm32f4xx_hal.c ****       (+) Suspend the time base source interrupt
 307:Drivers/STM32F4xx_HAL_Driver/Src/stm32f4xx_hal.c ****       (+) Resume the time base source interrupt
 308:Drivers/STM32F4xx_HAL_Driver/Src/stm32f4xx_hal.c ****       (+) Get the HAL API driver version
 309:Drivers/STM32F4xx_HAL_Driver/Src/stm32f4xx_hal.c ****       (+) Get the device identifier
 310:Drivers/STM32F4xx_HAL_Driver/Src/stm32f4xx_hal.c ****       (+) Get the device revision identifier
 311:Drivers/STM32F4xx_HAL_Driver/Src/stm32f4xx_hal.c ****       (+) Enable/Disable Debug module during SLEEP mode
 312:Drivers/STM32F4xx_HAL_Driver/Src/stm32f4xx_hal.c ****       (+) Enable/Disable Debug module during STOP mode
 313:Drivers/STM32F4xx_HAL_Driver/Src/stm32f4xx_hal.c ****       (+) Enable/Disable Debug module during STANDBY mode
 314:Drivers/STM32F4xx_HAL_Driver/Src/stm32f4xx_hal.c **** 
 315:Drivers/STM32F4xx_HAL_Driver/Src/stm32f4xx_hal.c **** @endverbatim
 316:Drivers/STM32F4xx_HAL_Driver/Src/stm32f4xx_hal.c ****   * @{
 317:Drivers/STM32F4xx_HAL_Driver/Src/stm32f4xx_hal.c ****   */
 318:Drivers/STM32F4xx_HAL_Driver/Src/stm32f4xx_hal.c **** 
 319:Drivers/STM32F4xx_HAL_Driver/Src/stm32f4xx_hal.c **** /**
 320:Drivers/STM32F4xx_HAL_Driver/Src/stm32f4xx_hal.c ****   * @brief This function is called to increment  a global variable "uwTick"
 321:Drivers/STM32F4xx_HAL_Driver/Src/stm32f4xx_hal.c ****   *        used as application time base.
 322:Drivers/STM32F4xx_HAL_Driver/Src/stm32f4xx_hal.c ****   * @note In the default implementation, this variable is incremented each 1ms
 323:Drivers/STM32F4xx_HAL_Driver/Src/stm32f4xx_hal.c ****   *       in SysTick ISR.
 324:Drivers/STM32F4xx_HAL_Driver/Src/stm32f4xx_hal.c ****  * @note This function is declared as __weak to be overwritten in case of other 
 325:Drivers/STM32F4xx_HAL_Driver/Src/stm32f4xx_hal.c ****   *      implementations in user file.
 326:Drivers/STM32F4xx_HAL_Driver/Src/stm32f4xx_hal.c ****   * @retval None
 327:Drivers/STM32F4xx_HAL_Driver/Src/stm32f4xx_hal.c ****   */
 328:Drivers/STM32F4xx_HAL_Driver/Src/stm32f4xx_hal.c **** __weak void HAL_IncTick(void)
 329:Drivers/STM32F4xx_HAL_Driver/Src/stm32f4xx_hal.c **** {
 257              		.loc 1 329 0
 258              		.cfi_startproc
 259              		@ args = 0, pretend = 0, frame = 0
 260              		@ frame_needed = 0, uses_anonymous_args = 0
 261              		@ link register save eliminated.
 330:Drivers/STM32F4xx_HAL_Driver/Src/stm32f4xx_hal.c ****   uwTick += uwTickFreq;
 262              		.loc 1 330 0
 263 0000 034A     		ldr	r2, .L21
 264 0002 044B     		ldr	r3, .L21+4
 265 0004 1168     		ldr	r1, [r2]
 266 0006 1B78     		ldrb	r3, [r3]	@ zero_extendqisi2
 267 0008 0B44     		add	r3, r3, r1
 268 000a 1360     		str	r3, [r2]
 269 000c 7047     		bx	lr
 270              	.L22:
 271 000e 00BF     		.align	2
 272              	.L21:
 273 0010 00000000 		.word	uwTick
 274 0014 00000000 		.word	.LANCHOR0
 275              		.cfi_endproc
 276              	.LFE129:
 278              		.section	.text.HAL_GetTick,"ax",%progbits
 279              		.align	1
 280              		.p2align 2,,3
 281              		.weak	HAL_GetTick
ARM GAS  /tmp/cczy9fBS.s 			page 12


 282              		.syntax unified
 283              		.thumb
 284              		.thumb_func
 285              		.fpu fpv4-sp-d16
 287              	HAL_GetTick:
 288              	.LFB130:
 331:Drivers/STM32F4xx_HAL_Driver/Src/stm32f4xx_hal.c **** }
 332:Drivers/STM32F4xx_HAL_Driver/Src/stm32f4xx_hal.c **** 
 333:Drivers/STM32F4xx_HAL_Driver/Src/stm32f4xx_hal.c **** /**
 334:Drivers/STM32F4xx_HAL_Driver/Src/stm32f4xx_hal.c ****   * @brief Provides a tick value in millisecond.
 335:Drivers/STM32F4xx_HAL_Driver/Src/stm32f4xx_hal.c ****   * @note This function is declared as __weak to be overwritten in case of other 
 336:Drivers/STM32F4xx_HAL_Driver/Src/stm32f4xx_hal.c ****   *       implementations in user file.
 337:Drivers/STM32F4xx_HAL_Driver/Src/stm32f4xx_hal.c ****   * @retval tick value
 338:Drivers/STM32F4xx_HAL_Driver/Src/stm32f4xx_hal.c ****   */
 339:Drivers/STM32F4xx_HAL_Driver/Src/stm32f4xx_hal.c **** __weak uint32_t HAL_GetTick(void)
 340:Drivers/STM32F4xx_HAL_Driver/Src/stm32f4xx_hal.c **** {
 289              		.loc 1 340 0
 290              		.cfi_startproc
 291              		@ args = 0, pretend = 0, frame = 0
 292              		@ frame_needed = 0, uses_anonymous_args = 0
 293              		@ link register save eliminated.
 341:Drivers/STM32F4xx_HAL_Driver/Src/stm32f4xx_hal.c ****   return uwTick;
 294              		.loc 1 341 0
 295 0000 014B     		ldr	r3, .L24
 296 0002 1868     		ldr	r0, [r3]
 342:Drivers/STM32F4xx_HAL_Driver/Src/stm32f4xx_hal.c **** }
 297              		.loc 1 342 0
 298 0004 7047     		bx	lr
 299              	.L25:
 300 0006 00BF     		.align	2
 301              	.L24:
 302 0008 00000000 		.word	uwTick
 303              		.cfi_endproc
 304              	.LFE130:
 306              		.section	.text.HAL_GetTickPrio,"ax",%progbits
 307              		.align	1
 308              		.p2align 2,,3
 309              		.global	HAL_GetTickPrio
 310              		.syntax unified
 311              		.thumb
 312              		.thumb_func
 313              		.fpu fpv4-sp-d16
 315              	HAL_GetTickPrio:
 316              	.LFB131:
 343:Drivers/STM32F4xx_HAL_Driver/Src/stm32f4xx_hal.c **** 
 344:Drivers/STM32F4xx_HAL_Driver/Src/stm32f4xx_hal.c **** /**
 345:Drivers/STM32F4xx_HAL_Driver/Src/stm32f4xx_hal.c ****   * @brief This function returns a tick priority.
 346:Drivers/STM32F4xx_HAL_Driver/Src/stm32f4xx_hal.c ****   * @retval tick priority
 347:Drivers/STM32F4xx_HAL_Driver/Src/stm32f4xx_hal.c ****   */
 348:Drivers/STM32F4xx_HAL_Driver/Src/stm32f4xx_hal.c **** uint32_t HAL_GetTickPrio(void)
 349:Drivers/STM32F4xx_HAL_Driver/Src/stm32f4xx_hal.c **** {
 317              		.loc 1 349 0
 318              		.cfi_startproc
 319              		@ args = 0, pretend = 0, frame = 0
 320              		@ frame_needed = 0, uses_anonymous_args = 0
 321              		@ link register save eliminated.
 350:Drivers/STM32F4xx_HAL_Driver/Src/stm32f4xx_hal.c ****   return uwTickPrio;
ARM GAS  /tmp/cczy9fBS.s 			page 13


 322              		.loc 1 350 0
 323 0000 014B     		ldr	r3, .L27
 351:Drivers/STM32F4xx_HAL_Driver/Src/stm32f4xx_hal.c **** }
 324              		.loc 1 351 0
 325 0002 1868     		ldr	r0, [r3]
 326 0004 7047     		bx	lr
 327              	.L28:
 328 0006 00BF     		.align	2
 329              	.L27:
 330 0008 00000000 		.word	.LANCHOR1
 331              		.cfi_endproc
 332              	.LFE131:
 334              		.section	.text.HAL_SetTickFreq,"ax",%progbits
 335              		.align	1
 336              		.p2align 2,,3
 337              		.global	HAL_SetTickFreq
 338              		.syntax unified
 339              		.thumb
 340              		.thumb_func
 341              		.fpu fpv4-sp-d16
 343              	HAL_SetTickFreq:
 344              	.LFB132:
 352:Drivers/STM32F4xx_HAL_Driver/Src/stm32f4xx_hal.c **** 
 353:Drivers/STM32F4xx_HAL_Driver/Src/stm32f4xx_hal.c **** /**
 354:Drivers/STM32F4xx_HAL_Driver/Src/stm32f4xx_hal.c ****   * @brief Set new tick Freq.
 355:Drivers/STM32F4xx_HAL_Driver/Src/stm32f4xx_hal.c ****   * @retval Status
 356:Drivers/STM32F4xx_HAL_Driver/Src/stm32f4xx_hal.c ****   */
 357:Drivers/STM32F4xx_HAL_Driver/Src/stm32f4xx_hal.c **** HAL_StatusTypeDef HAL_SetTickFreq(HAL_TickFreqTypeDef Freq)
 358:Drivers/STM32F4xx_HAL_Driver/Src/stm32f4xx_hal.c **** {
 345              		.loc 1 358 0
 346              		.cfi_startproc
 347              		@ args = 0, pretend = 0, frame = 0
 348              		@ frame_needed = 0, uses_anonymous_args = 0
 349              	.LVL12:
 350 0000 08B5     		push	{r3, lr}
 351              	.LCFI3:
 352              		.cfi_def_cfa_offset 8
 353              		.cfi_offset 3, -8
 354              		.cfi_offset 14, -4
 359:Drivers/STM32F4xx_HAL_Driver/Src/stm32f4xx_hal.c ****   HAL_StatusTypeDef status  = HAL_OK;
 360:Drivers/STM32F4xx_HAL_Driver/Src/stm32f4xx_hal.c ****   assert_param(IS_TICKFREQ(Freq));
 361:Drivers/STM32F4xx_HAL_Driver/Src/stm32f4xx_hal.c **** 
 362:Drivers/STM32F4xx_HAL_Driver/Src/stm32f4xx_hal.c ****   if (uwTickFreq != Freq)
 355              		.loc 1 362 0
 356 0002 064B     		ldr	r3, .L33
 357 0004 1A78     		ldrb	r2, [r3]	@ zero_extendqisi2
 358 0006 8242     		cmp	r2, r0
 359 0008 05D0     		beq	.L31
 363:Drivers/STM32F4xx_HAL_Driver/Src/stm32f4xx_hal.c ****   {
 364:Drivers/STM32F4xx_HAL_Driver/Src/stm32f4xx_hal.c ****     uwTickFreq = Freq;
 365:Drivers/STM32F4xx_HAL_Driver/Src/stm32f4xx_hal.c **** 
 366:Drivers/STM32F4xx_HAL_Driver/Src/stm32f4xx_hal.c ****     /* Apply the new tick Freq  */
 367:Drivers/STM32F4xx_HAL_Driver/Src/stm32f4xx_hal.c ****     status = HAL_InitTick(uwTickPrio);
 360              		.loc 1 367 0
 361 000a 054A     		ldr	r2, .L33+4
 364:Drivers/STM32F4xx_HAL_Driver/Src/stm32f4xx_hal.c **** 
 362              		.loc 1 364 0
ARM GAS  /tmp/cczy9fBS.s 			page 14


 363 000c 1870     		strb	r0, [r3]
 364              		.loc 1 367 0
 365 000e 1068     		ldr	r0, [r2]
 366              	.LVL13:
 367 0010 FFF7FEFF 		bl	HAL_InitTick
 368              	.LVL14:
 369 0014 08BD     		pop	{r3, pc}
 370              	.LVL15:
 371              	.L31:
 359:Drivers/STM32F4xx_HAL_Driver/Src/stm32f4xx_hal.c ****   HAL_StatusTypeDef status  = HAL_OK;
 372              		.loc 1 359 0
 373 0016 0020     		movs	r0, #0
 374              	.LVL16:
 368:Drivers/STM32F4xx_HAL_Driver/Src/stm32f4xx_hal.c ****   }
 369:Drivers/STM32F4xx_HAL_Driver/Src/stm32f4xx_hal.c **** 
 370:Drivers/STM32F4xx_HAL_Driver/Src/stm32f4xx_hal.c ****   return status;
 371:Drivers/STM32F4xx_HAL_Driver/Src/stm32f4xx_hal.c **** }
 375              		.loc 1 371 0
 376 0018 08BD     		pop	{r3, pc}
 377              	.L34:
 378 001a 00BF     		.align	2
 379              	.L33:
 380 001c 00000000 		.word	.LANCHOR0
 381 0020 00000000 		.word	.LANCHOR1
 382              		.cfi_endproc
 383              	.LFE132:
 385              		.section	.text.HAL_GetTickFreq,"ax",%progbits
 386              		.align	1
 387              		.p2align 2,,3
 388              		.global	HAL_GetTickFreq
 389              		.syntax unified
 390              		.thumb
 391              		.thumb_func
 392              		.fpu fpv4-sp-d16
 394              	HAL_GetTickFreq:
 395              	.LFB133:
 372:Drivers/STM32F4xx_HAL_Driver/Src/stm32f4xx_hal.c **** 
 373:Drivers/STM32F4xx_HAL_Driver/Src/stm32f4xx_hal.c **** /**
 374:Drivers/STM32F4xx_HAL_Driver/Src/stm32f4xx_hal.c ****   * @brief Return tick frequency.
 375:Drivers/STM32F4xx_HAL_Driver/Src/stm32f4xx_hal.c ****   * @retval tick period in Hz
 376:Drivers/STM32F4xx_HAL_Driver/Src/stm32f4xx_hal.c ****   */
 377:Drivers/STM32F4xx_HAL_Driver/Src/stm32f4xx_hal.c **** HAL_TickFreqTypeDef HAL_GetTickFreq(void)
 378:Drivers/STM32F4xx_HAL_Driver/Src/stm32f4xx_hal.c **** {
 396              		.loc 1 378 0
 397              		.cfi_startproc
 398              		@ args = 0, pretend = 0, frame = 0
 399              		@ frame_needed = 0, uses_anonymous_args = 0
 400              		@ link register save eliminated.
 379:Drivers/STM32F4xx_HAL_Driver/Src/stm32f4xx_hal.c ****   return uwTickFreq;
 401              		.loc 1 379 0
 402 0000 014B     		ldr	r3, .L36
 380:Drivers/STM32F4xx_HAL_Driver/Src/stm32f4xx_hal.c **** }
 403              		.loc 1 380 0
 404 0002 1878     		ldrb	r0, [r3]	@ zero_extendqisi2
 405 0004 7047     		bx	lr
 406              	.L37:
 407 0006 00BF     		.align	2
ARM GAS  /tmp/cczy9fBS.s 			page 15


 408              	.L36:
 409 0008 00000000 		.word	.LANCHOR0
 410              		.cfi_endproc
 411              	.LFE133:
 413              		.section	.text.HAL_Delay,"ax",%progbits
 414              		.align	1
 415              		.p2align 2,,3
 416              		.weak	HAL_Delay
 417              		.syntax unified
 418              		.thumb
 419              		.thumb_func
 420              		.fpu fpv4-sp-d16
 422              	HAL_Delay:
 423              	.LFB134:
 381:Drivers/STM32F4xx_HAL_Driver/Src/stm32f4xx_hal.c **** 
 382:Drivers/STM32F4xx_HAL_Driver/Src/stm32f4xx_hal.c **** /**
 383:Drivers/STM32F4xx_HAL_Driver/Src/stm32f4xx_hal.c ****   * @brief This function provides minimum delay (in milliseconds) based 
 384:Drivers/STM32F4xx_HAL_Driver/Src/stm32f4xx_hal.c ****   *        on variable incremented.
 385:Drivers/STM32F4xx_HAL_Driver/Src/stm32f4xx_hal.c ****   * @note In the default implementation , SysTick timer is the source of time base.
 386:Drivers/STM32F4xx_HAL_Driver/Src/stm32f4xx_hal.c ****   *       It is used to generate interrupts at regular time intervals where uwTick
 387:Drivers/STM32F4xx_HAL_Driver/Src/stm32f4xx_hal.c ****   *       is incremented.
 388:Drivers/STM32F4xx_HAL_Driver/Src/stm32f4xx_hal.c ****   * @note This function is declared as __weak to be overwritten in case of other
 389:Drivers/STM32F4xx_HAL_Driver/Src/stm32f4xx_hal.c ****   *       implementations in user file.
 390:Drivers/STM32F4xx_HAL_Driver/Src/stm32f4xx_hal.c ****   * @param Delay specifies the delay time length, in milliseconds.
 391:Drivers/STM32F4xx_HAL_Driver/Src/stm32f4xx_hal.c ****   * @retval None
 392:Drivers/STM32F4xx_HAL_Driver/Src/stm32f4xx_hal.c ****   */
 393:Drivers/STM32F4xx_HAL_Driver/Src/stm32f4xx_hal.c **** __weak void HAL_Delay(uint32_t Delay)
 394:Drivers/STM32F4xx_HAL_Driver/Src/stm32f4xx_hal.c **** {
 424              		.loc 1 394 0
 425              		.cfi_startproc
 426              		@ args = 0, pretend = 0, frame = 0
 427              		@ frame_needed = 0, uses_anonymous_args = 0
 428              	.LVL17:
 429 0000 38B5     		push	{r3, r4, r5, lr}
 430              	.LCFI4:
 431              		.cfi_def_cfa_offset 16
 432              		.cfi_offset 3, -16
 433              		.cfi_offset 4, -12
 434              		.cfi_offset 5, -8
 435              		.cfi_offset 14, -4
 436              		.loc 1 394 0
 437 0002 0446     		mov	r4, r0
 395:Drivers/STM32F4xx_HAL_Driver/Src/stm32f4xx_hal.c ****   uint32_t tickstart = HAL_GetTick();
 438              		.loc 1 395 0
 439 0004 FFF7FEFF 		bl	HAL_GetTick
 440              	.LVL18:
 396:Drivers/STM32F4xx_HAL_Driver/Src/stm32f4xx_hal.c ****   uint32_t wait = Delay;
 397:Drivers/STM32F4xx_HAL_Driver/Src/stm32f4xx_hal.c **** 
 398:Drivers/STM32F4xx_HAL_Driver/Src/stm32f4xx_hal.c ****   /* Add a freq to guarantee minimum wait */
 399:Drivers/STM32F4xx_HAL_Driver/Src/stm32f4xx_hal.c ****   if (wait < HAL_MAX_DELAY)
 441              		.loc 1 399 0
 442 0008 631C     		adds	r3, r4, #1
 395:Drivers/STM32F4xx_HAL_Driver/Src/stm32f4xx_hal.c ****   uint32_t tickstart = HAL_GetTick();
 443              		.loc 1 395 0
 444 000a 0546     		mov	r5, r0
 445              	.LVL19:
 446              		.loc 1 399 0
ARM GAS  /tmp/cczy9fBS.s 			page 16


 447 000c 02D0     		beq	.L40
 400:Drivers/STM32F4xx_HAL_Driver/Src/stm32f4xx_hal.c ****   {
 401:Drivers/STM32F4xx_HAL_Driver/Src/stm32f4xx_hal.c ****     wait += (uint32_t)(uwTickFreq);
 448              		.loc 1 401 0
 449 000e 044B     		ldr	r3, .L46
 450 0010 1B78     		ldrb	r3, [r3]	@ zero_extendqisi2
 451 0012 1C44     		add	r4, r4, r3
 452              	.LVL20:
 453              	.L40:
 402:Drivers/STM32F4xx_HAL_Driver/Src/stm32f4xx_hal.c ****   }
 403:Drivers/STM32F4xx_HAL_Driver/Src/stm32f4xx_hal.c **** 
 404:Drivers/STM32F4xx_HAL_Driver/Src/stm32f4xx_hal.c ****   while((HAL_GetTick() - tickstart) < wait)
 454              		.loc 1 404 0 discriminator 1
 455 0014 FFF7FEFF 		bl	HAL_GetTick
 456              	.LVL21:
 457 0018 401B     		subs	r0, r0, r5
 458 001a 8442     		cmp	r4, r0
 459 001c FAD8     		bhi	.L40
 405:Drivers/STM32F4xx_HAL_Driver/Src/stm32f4xx_hal.c ****   {
 406:Drivers/STM32F4xx_HAL_Driver/Src/stm32f4xx_hal.c ****   }
 407:Drivers/STM32F4xx_HAL_Driver/Src/stm32f4xx_hal.c **** }
 460              		.loc 1 407 0
 461 001e 38BD     		pop	{r3, r4, r5, pc}
 462              	.LVL22:
 463              	.L47:
 464              		.align	2
 465              	.L46:
 466 0020 00000000 		.word	.LANCHOR0
 467              		.cfi_endproc
 468              	.LFE134:
 470              		.section	.text.HAL_SuspendTick,"ax",%progbits
 471              		.align	1
 472              		.p2align 2,,3
 473              		.weak	HAL_SuspendTick
 474              		.syntax unified
 475              		.thumb
 476              		.thumb_func
 477              		.fpu fpv4-sp-d16
 479              	HAL_SuspendTick:
 480              	.LFB135:
 408:Drivers/STM32F4xx_HAL_Driver/Src/stm32f4xx_hal.c **** 
 409:Drivers/STM32F4xx_HAL_Driver/Src/stm32f4xx_hal.c **** /**
 410:Drivers/STM32F4xx_HAL_Driver/Src/stm32f4xx_hal.c ****   * @brief Suspend Tick increment.
 411:Drivers/STM32F4xx_HAL_Driver/Src/stm32f4xx_hal.c ****   * @note In the default implementation , SysTick timer is the source of time base. It is
 412:Drivers/STM32F4xx_HAL_Driver/Src/stm32f4xx_hal.c ****   *       used to generate interrupts at regular time intervals. Once HAL_SuspendTick()
 413:Drivers/STM32F4xx_HAL_Driver/Src/stm32f4xx_hal.c ****   *       is called, the SysTick interrupt will be disabled and so Tick increment 
 414:Drivers/STM32F4xx_HAL_Driver/Src/stm32f4xx_hal.c ****   *       is suspended.
 415:Drivers/STM32F4xx_HAL_Driver/Src/stm32f4xx_hal.c ****   * @note This function is declared as __weak to be overwritten in case of other
 416:Drivers/STM32F4xx_HAL_Driver/Src/stm32f4xx_hal.c ****   *       implementations in user file.
 417:Drivers/STM32F4xx_HAL_Driver/Src/stm32f4xx_hal.c ****   * @retval None
 418:Drivers/STM32F4xx_HAL_Driver/Src/stm32f4xx_hal.c ****   */
 419:Drivers/STM32F4xx_HAL_Driver/Src/stm32f4xx_hal.c **** __weak void HAL_SuspendTick(void)
 420:Drivers/STM32F4xx_HAL_Driver/Src/stm32f4xx_hal.c **** {
 481              		.loc 1 420 0
 482              		.cfi_startproc
 483              		@ args = 0, pretend = 0, frame = 0
 484              		@ frame_needed = 0, uses_anonymous_args = 0
ARM GAS  /tmp/cczy9fBS.s 			page 17


 485              		@ link register save eliminated.
 421:Drivers/STM32F4xx_HAL_Driver/Src/stm32f4xx_hal.c ****   /* Disable SysTick Interrupt */
 422:Drivers/STM32F4xx_HAL_Driver/Src/stm32f4xx_hal.c ****   SysTick->CTRL &= ~SysTick_CTRL_TICKINT_Msk;
 486              		.loc 1 422 0
 487 0000 024A     		ldr	r2, .L49
 488 0002 1368     		ldr	r3, [r2]
 489 0004 23F00203 		bic	r3, r3, #2
 490 0008 1360     		str	r3, [r2]
 491 000a 7047     		bx	lr
 492              	.L50:
 493              		.align	2
 494              	.L49:
 495 000c 10E000E0 		.word	-536813552
 496              		.cfi_endproc
 497              	.LFE135:
 499              		.section	.text.HAL_ResumeTick,"ax",%progbits
 500              		.align	1
 501              		.p2align 2,,3
 502              		.weak	HAL_ResumeTick
 503              		.syntax unified
 504              		.thumb
 505              		.thumb_func
 506              		.fpu fpv4-sp-d16
 508              	HAL_ResumeTick:
 509              	.LFB136:
 423:Drivers/STM32F4xx_HAL_Driver/Src/stm32f4xx_hal.c **** }
 424:Drivers/STM32F4xx_HAL_Driver/Src/stm32f4xx_hal.c **** 
 425:Drivers/STM32F4xx_HAL_Driver/Src/stm32f4xx_hal.c **** /**
 426:Drivers/STM32F4xx_HAL_Driver/Src/stm32f4xx_hal.c ****   * @brief Resume Tick increment.
 427:Drivers/STM32F4xx_HAL_Driver/Src/stm32f4xx_hal.c ****   * @note In the default implementation , SysTick timer is the source of time base. It is
 428:Drivers/STM32F4xx_HAL_Driver/Src/stm32f4xx_hal.c ****   *       used to generate interrupts at regular time intervals. Once HAL_ResumeTick()
 429:Drivers/STM32F4xx_HAL_Driver/Src/stm32f4xx_hal.c ****   *       is called, the SysTick interrupt will be enabled and so Tick increment 
 430:Drivers/STM32F4xx_HAL_Driver/Src/stm32f4xx_hal.c ****   *       is resumed.
 431:Drivers/STM32F4xx_HAL_Driver/Src/stm32f4xx_hal.c ****   * @note This function is declared as __weak to be overwritten in case of other
 432:Drivers/STM32F4xx_HAL_Driver/Src/stm32f4xx_hal.c ****   *       implementations in user file.
 433:Drivers/STM32F4xx_HAL_Driver/Src/stm32f4xx_hal.c ****   * @retval None
 434:Drivers/STM32F4xx_HAL_Driver/Src/stm32f4xx_hal.c ****   */
 435:Drivers/STM32F4xx_HAL_Driver/Src/stm32f4xx_hal.c **** __weak void HAL_ResumeTick(void)
 436:Drivers/STM32F4xx_HAL_Driver/Src/stm32f4xx_hal.c **** {
 510              		.loc 1 436 0
 511              		.cfi_startproc
 512              		@ args = 0, pretend = 0, frame = 0
 513              		@ frame_needed = 0, uses_anonymous_args = 0
 514              		@ link register save eliminated.
 437:Drivers/STM32F4xx_HAL_Driver/Src/stm32f4xx_hal.c ****   /* Enable SysTick Interrupt */
 438:Drivers/STM32F4xx_HAL_Driver/Src/stm32f4xx_hal.c ****   SysTick->CTRL  |= SysTick_CTRL_TICKINT_Msk;
 515              		.loc 1 438 0
 516 0000 024A     		ldr	r2, .L52
 517 0002 1368     		ldr	r3, [r2]
 518 0004 43F00203 		orr	r3, r3, #2
 519 0008 1360     		str	r3, [r2]
 520 000a 7047     		bx	lr
 521              	.L53:
 522              		.align	2
 523              	.L52:
 524 000c 10E000E0 		.word	-536813552
 525              		.cfi_endproc
ARM GAS  /tmp/cczy9fBS.s 			page 18


 526              	.LFE136:
 528              		.section	.text.HAL_GetHalVersion,"ax",%progbits
 529              		.align	1
 530              		.p2align 2,,3
 531              		.global	HAL_GetHalVersion
 532              		.syntax unified
 533              		.thumb
 534              		.thumb_func
 535              		.fpu fpv4-sp-d16
 537              	HAL_GetHalVersion:
 538              	.LFB137:
 439:Drivers/STM32F4xx_HAL_Driver/Src/stm32f4xx_hal.c **** }
 440:Drivers/STM32F4xx_HAL_Driver/Src/stm32f4xx_hal.c **** 
 441:Drivers/STM32F4xx_HAL_Driver/Src/stm32f4xx_hal.c **** /**
 442:Drivers/STM32F4xx_HAL_Driver/Src/stm32f4xx_hal.c ****   * @brief  Returns the HAL revision
 443:Drivers/STM32F4xx_HAL_Driver/Src/stm32f4xx_hal.c ****   * @retval version : 0xXYZR (8bits for each decimal, R for RC)
 444:Drivers/STM32F4xx_HAL_Driver/Src/stm32f4xx_hal.c ****   */
 445:Drivers/STM32F4xx_HAL_Driver/Src/stm32f4xx_hal.c **** uint32_t HAL_GetHalVersion(void)
 446:Drivers/STM32F4xx_HAL_Driver/Src/stm32f4xx_hal.c **** {
 539              		.loc 1 446 0
 540              		.cfi_startproc
 541              		@ args = 0, pretend = 0, frame = 0
 542              		@ frame_needed = 0, uses_anonymous_args = 0
 543              		@ link register save eliminated.
 447:Drivers/STM32F4xx_HAL_Driver/Src/stm32f4xx_hal.c ****   return __STM32F4xx_HAL_VERSION;
 448:Drivers/STM32F4xx_HAL_Driver/Src/stm32f4xx_hal.c **** }
 544              		.loc 1 448 0
 545 0000 0048     		ldr	r0, .L55
 546 0002 7047     		bx	lr
 547              	.L56:
 548              		.align	2
 549              	.L55:
 550 0004 00040701 		.word	17236992
 551              		.cfi_endproc
 552              	.LFE137:
 554              		.section	.text.HAL_GetREVID,"ax",%progbits
 555              		.align	1
 556              		.p2align 2,,3
 557              		.global	HAL_GetREVID
 558              		.syntax unified
 559              		.thumb
 560              		.thumb_func
 561              		.fpu fpv4-sp-d16
 563              	HAL_GetREVID:
 564              	.LFB138:
 449:Drivers/STM32F4xx_HAL_Driver/Src/stm32f4xx_hal.c **** 
 450:Drivers/STM32F4xx_HAL_Driver/Src/stm32f4xx_hal.c **** /**
 451:Drivers/STM32F4xx_HAL_Driver/Src/stm32f4xx_hal.c ****   * @brief  Returns the device revision identifier.
 452:Drivers/STM32F4xx_HAL_Driver/Src/stm32f4xx_hal.c ****   * @retval Device revision identifier
 453:Drivers/STM32F4xx_HAL_Driver/Src/stm32f4xx_hal.c ****   */
 454:Drivers/STM32F4xx_HAL_Driver/Src/stm32f4xx_hal.c **** uint32_t HAL_GetREVID(void)
 455:Drivers/STM32F4xx_HAL_Driver/Src/stm32f4xx_hal.c **** {
 565              		.loc 1 455 0
 566              		.cfi_startproc
 567              		@ args = 0, pretend = 0, frame = 0
 568              		@ frame_needed = 0, uses_anonymous_args = 0
 569              		@ link register save eliminated.
ARM GAS  /tmp/cczy9fBS.s 			page 19


 456:Drivers/STM32F4xx_HAL_Driver/Src/stm32f4xx_hal.c ****   return((DBGMCU->IDCODE) >> 16U);
 570              		.loc 1 456 0
 571 0000 014B     		ldr	r3, .L58
 572 0002 1868     		ldr	r0, [r3]
 457:Drivers/STM32F4xx_HAL_Driver/Src/stm32f4xx_hal.c **** }
 573              		.loc 1 457 0
 574 0004 000C     		lsrs	r0, r0, #16
 575 0006 7047     		bx	lr
 576              	.L59:
 577              		.align	2
 578              	.L58:
 579 0008 002004E0 		.word	-536600576
 580              		.cfi_endproc
 581              	.LFE138:
 583              		.section	.text.HAL_GetDEVID,"ax",%progbits
 584              		.align	1
 585              		.p2align 2,,3
 586              		.global	HAL_GetDEVID
 587              		.syntax unified
 588              		.thumb
 589              		.thumb_func
 590              		.fpu fpv4-sp-d16
 592              	HAL_GetDEVID:
 593              	.LFB139:
 458:Drivers/STM32F4xx_HAL_Driver/Src/stm32f4xx_hal.c **** 
 459:Drivers/STM32F4xx_HAL_Driver/Src/stm32f4xx_hal.c **** /**
 460:Drivers/STM32F4xx_HAL_Driver/Src/stm32f4xx_hal.c ****   * @brief  Returns the device identifier.
 461:Drivers/STM32F4xx_HAL_Driver/Src/stm32f4xx_hal.c ****   * @retval Device identifier
 462:Drivers/STM32F4xx_HAL_Driver/Src/stm32f4xx_hal.c ****   */
 463:Drivers/STM32F4xx_HAL_Driver/Src/stm32f4xx_hal.c **** uint32_t HAL_GetDEVID(void)
 464:Drivers/STM32F4xx_HAL_Driver/Src/stm32f4xx_hal.c **** {
 594              		.loc 1 464 0
 595              		.cfi_startproc
 596              		@ args = 0, pretend = 0, frame = 0
 597              		@ frame_needed = 0, uses_anonymous_args = 0
 598              		@ link register save eliminated.
 465:Drivers/STM32F4xx_HAL_Driver/Src/stm32f4xx_hal.c ****   return((DBGMCU->IDCODE) & IDCODE_DEVID_MASK);
 599              		.loc 1 465 0
 600 0000 024B     		ldr	r3, .L61
 601 0002 1868     		ldr	r0, [r3]
 466:Drivers/STM32F4xx_HAL_Driver/Src/stm32f4xx_hal.c **** }
 602              		.loc 1 466 0
 603 0004 C0F30B00 		ubfx	r0, r0, #0, #12
 604 0008 7047     		bx	lr
 605              	.L62:
 606 000a 00BF     		.align	2
 607              	.L61:
 608 000c 002004E0 		.word	-536600576
 609              		.cfi_endproc
 610              	.LFE139:
 612              		.section	.text.HAL_DBGMCU_EnableDBGSleepMode,"ax",%progbits
 613              		.align	1
 614              		.p2align 2,,3
 615              		.global	HAL_DBGMCU_EnableDBGSleepMode
 616              		.syntax unified
 617              		.thumb
 618              		.thumb_func
ARM GAS  /tmp/cczy9fBS.s 			page 20


 619              		.fpu fpv4-sp-d16
 621              	HAL_DBGMCU_EnableDBGSleepMode:
 622              	.LFB140:
 467:Drivers/STM32F4xx_HAL_Driver/Src/stm32f4xx_hal.c **** 
 468:Drivers/STM32F4xx_HAL_Driver/Src/stm32f4xx_hal.c **** /**
 469:Drivers/STM32F4xx_HAL_Driver/Src/stm32f4xx_hal.c ****   * @brief  Enable the Debug Module during SLEEP mode
 470:Drivers/STM32F4xx_HAL_Driver/Src/stm32f4xx_hal.c ****   * @retval None
 471:Drivers/STM32F4xx_HAL_Driver/Src/stm32f4xx_hal.c ****   */
 472:Drivers/STM32F4xx_HAL_Driver/Src/stm32f4xx_hal.c **** void HAL_DBGMCU_EnableDBGSleepMode(void)
 473:Drivers/STM32F4xx_HAL_Driver/Src/stm32f4xx_hal.c **** {
 623              		.loc 1 473 0
 624              		.cfi_startproc
 625              		@ args = 0, pretend = 0, frame = 0
 626              		@ frame_needed = 0, uses_anonymous_args = 0
 627              		@ link register save eliminated.
 474:Drivers/STM32F4xx_HAL_Driver/Src/stm32f4xx_hal.c ****   SET_BIT(DBGMCU->CR, DBGMCU_CR_DBG_SLEEP);
 628              		.loc 1 474 0
 629 0000 024A     		ldr	r2, .L64
 630 0002 5368     		ldr	r3, [r2, #4]
 631 0004 43F00103 		orr	r3, r3, #1
 632 0008 5360     		str	r3, [r2, #4]
 633 000a 7047     		bx	lr
 634              	.L65:
 635              		.align	2
 636              	.L64:
 637 000c 002004E0 		.word	-536600576
 638              		.cfi_endproc
 639              	.LFE140:
 641              		.section	.text.HAL_DBGMCU_DisableDBGSleepMode,"ax",%progbits
 642              		.align	1
 643              		.p2align 2,,3
 644              		.global	HAL_DBGMCU_DisableDBGSleepMode
 645              		.syntax unified
 646              		.thumb
 647              		.thumb_func
 648              		.fpu fpv4-sp-d16
 650              	HAL_DBGMCU_DisableDBGSleepMode:
 651              	.LFB141:
 475:Drivers/STM32F4xx_HAL_Driver/Src/stm32f4xx_hal.c **** }
 476:Drivers/STM32F4xx_HAL_Driver/Src/stm32f4xx_hal.c **** 
 477:Drivers/STM32F4xx_HAL_Driver/Src/stm32f4xx_hal.c **** /**
 478:Drivers/STM32F4xx_HAL_Driver/Src/stm32f4xx_hal.c ****   * @brief  Disable the Debug Module during SLEEP mode
 479:Drivers/STM32F4xx_HAL_Driver/Src/stm32f4xx_hal.c ****   * @retval None
 480:Drivers/STM32F4xx_HAL_Driver/Src/stm32f4xx_hal.c ****   */
 481:Drivers/STM32F4xx_HAL_Driver/Src/stm32f4xx_hal.c **** void HAL_DBGMCU_DisableDBGSleepMode(void)
 482:Drivers/STM32F4xx_HAL_Driver/Src/stm32f4xx_hal.c **** {
 652              		.loc 1 482 0
 653              		.cfi_startproc
 654              		@ args = 0, pretend = 0, frame = 0
 655              		@ frame_needed = 0, uses_anonymous_args = 0
 656              		@ link register save eliminated.
 483:Drivers/STM32F4xx_HAL_Driver/Src/stm32f4xx_hal.c ****   CLEAR_BIT(DBGMCU->CR, DBGMCU_CR_DBG_SLEEP);
 657              		.loc 1 483 0
 658 0000 024A     		ldr	r2, .L67
 659 0002 5368     		ldr	r3, [r2, #4]
 660 0004 23F00103 		bic	r3, r3, #1
 661 0008 5360     		str	r3, [r2, #4]
ARM GAS  /tmp/cczy9fBS.s 			page 21


 662 000a 7047     		bx	lr
 663              	.L68:
 664              		.align	2
 665              	.L67:
 666 000c 002004E0 		.word	-536600576
 667              		.cfi_endproc
 668              	.LFE141:
 670              		.section	.text.HAL_DBGMCU_EnableDBGStopMode,"ax",%progbits
 671              		.align	1
 672              		.p2align 2,,3
 673              		.global	HAL_DBGMCU_EnableDBGStopMode
 674              		.syntax unified
 675              		.thumb
 676              		.thumb_func
 677              		.fpu fpv4-sp-d16
 679              	HAL_DBGMCU_EnableDBGStopMode:
 680              	.LFB142:
 484:Drivers/STM32F4xx_HAL_Driver/Src/stm32f4xx_hal.c **** }
 485:Drivers/STM32F4xx_HAL_Driver/Src/stm32f4xx_hal.c **** 
 486:Drivers/STM32F4xx_HAL_Driver/Src/stm32f4xx_hal.c **** /**
 487:Drivers/STM32F4xx_HAL_Driver/Src/stm32f4xx_hal.c ****   * @brief  Enable the Debug Module during STOP mode
 488:Drivers/STM32F4xx_HAL_Driver/Src/stm32f4xx_hal.c ****   * @retval None
 489:Drivers/STM32F4xx_HAL_Driver/Src/stm32f4xx_hal.c ****   */
 490:Drivers/STM32F4xx_HAL_Driver/Src/stm32f4xx_hal.c **** void HAL_DBGMCU_EnableDBGStopMode(void)
 491:Drivers/STM32F4xx_HAL_Driver/Src/stm32f4xx_hal.c **** {
 681              		.loc 1 491 0
 682              		.cfi_startproc
 683              		@ args = 0, pretend = 0, frame = 0
 684              		@ frame_needed = 0, uses_anonymous_args = 0
 685              		@ link register save eliminated.
 492:Drivers/STM32F4xx_HAL_Driver/Src/stm32f4xx_hal.c ****   SET_BIT(DBGMCU->CR, DBGMCU_CR_DBG_STOP);
 686              		.loc 1 492 0
 687 0000 024A     		ldr	r2, .L70
 688 0002 5368     		ldr	r3, [r2, #4]
 689 0004 43F00203 		orr	r3, r3, #2
 690 0008 5360     		str	r3, [r2, #4]
 691 000a 7047     		bx	lr
 692              	.L71:
 693              		.align	2
 694              	.L70:
 695 000c 002004E0 		.word	-536600576
 696              		.cfi_endproc
 697              	.LFE142:
 699              		.section	.text.HAL_DBGMCU_DisableDBGStopMode,"ax",%progbits
 700              		.align	1
 701              		.p2align 2,,3
 702              		.global	HAL_DBGMCU_DisableDBGStopMode
 703              		.syntax unified
 704              		.thumb
 705              		.thumb_func
 706              		.fpu fpv4-sp-d16
 708              	HAL_DBGMCU_DisableDBGStopMode:
 709              	.LFB143:
 493:Drivers/STM32F4xx_HAL_Driver/Src/stm32f4xx_hal.c **** }
 494:Drivers/STM32F4xx_HAL_Driver/Src/stm32f4xx_hal.c **** 
 495:Drivers/STM32F4xx_HAL_Driver/Src/stm32f4xx_hal.c **** /**
 496:Drivers/STM32F4xx_HAL_Driver/Src/stm32f4xx_hal.c ****   * @brief  Disable the Debug Module during STOP mode
ARM GAS  /tmp/cczy9fBS.s 			page 22


 497:Drivers/STM32F4xx_HAL_Driver/Src/stm32f4xx_hal.c ****   * @retval None
 498:Drivers/STM32F4xx_HAL_Driver/Src/stm32f4xx_hal.c ****   */
 499:Drivers/STM32F4xx_HAL_Driver/Src/stm32f4xx_hal.c **** void HAL_DBGMCU_DisableDBGStopMode(void)
 500:Drivers/STM32F4xx_HAL_Driver/Src/stm32f4xx_hal.c **** {
 710              		.loc 1 500 0
 711              		.cfi_startproc
 712              		@ args = 0, pretend = 0, frame = 0
 713              		@ frame_needed = 0, uses_anonymous_args = 0
 714              		@ link register save eliminated.
 501:Drivers/STM32F4xx_HAL_Driver/Src/stm32f4xx_hal.c ****   CLEAR_BIT(DBGMCU->CR, DBGMCU_CR_DBG_STOP);
 715              		.loc 1 501 0
 716 0000 024A     		ldr	r2, .L73
 717 0002 5368     		ldr	r3, [r2, #4]
 718 0004 23F00203 		bic	r3, r3, #2
 719 0008 5360     		str	r3, [r2, #4]
 720 000a 7047     		bx	lr
 721              	.L74:
 722              		.align	2
 723              	.L73:
 724 000c 002004E0 		.word	-536600576
 725              		.cfi_endproc
 726              	.LFE143:
 728              		.section	.text.HAL_DBGMCU_EnableDBGStandbyMode,"ax",%progbits
 729              		.align	1
 730              		.p2align 2,,3
 731              		.global	HAL_DBGMCU_EnableDBGStandbyMode
 732              		.syntax unified
 733              		.thumb
 734              		.thumb_func
 735              		.fpu fpv4-sp-d16
 737              	HAL_DBGMCU_EnableDBGStandbyMode:
 738              	.LFB144:
 502:Drivers/STM32F4xx_HAL_Driver/Src/stm32f4xx_hal.c **** }
 503:Drivers/STM32F4xx_HAL_Driver/Src/stm32f4xx_hal.c **** 
 504:Drivers/STM32F4xx_HAL_Driver/Src/stm32f4xx_hal.c **** /**
 505:Drivers/STM32F4xx_HAL_Driver/Src/stm32f4xx_hal.c ****   * @brief  Enable the Debug Module during STANDBY mode
 506:Drivers/STM32F4xx_HAL_Driver/Src/stm32f4xx_hal.c ****   * @retval None
 507:Drivers/STM32F4xx_HAL_Driver/Src/stm32f4xx_hal.c ****   */
 508:Drivers/STM32F4xx_HAL_Driver/Src/stm32f4xx_hal.c **** void HAL_DBGMCU_EnableDBGStandbyMode(void)
 509:Drivers/STM32F4xx_HAL_Driver/Src/stm32f4xx_hal.c **** {
 739              		.loc 1 509 0
 740              		.cfi_startproc
 741              		@ args = 0, pretend = 0, frame = 0
 742              		@ frame_needed = 0, uses_anonymous_args = 0
 743              		@ link register save eliminated.
 510:Drivers/STM32F4xx_HAL_Driver/Src/stm32f4xx_hal.c ****   SET_BIT(DBGMCU->CR, DBGMCU_CR_DBG_STANDBY);
 744              		.loc 1 510 0
 745 0000 024A     		ldr	r2, .L76
 746 0002 5368     		ldr	r3, [r2, #4]
 747 0004 43F00403 		orr	r3, r3, #4
 748 0008 5360     		str	r3, [r2, #4]
 749 000a 7047     		bx	lr
 750              	.L77:
 751              		.align	2
 752              	.L76:
 753 000c 002004E0 		.word	-536600576
 754              		.cfi_endproc
ARM GAS  /tmp/cczy9fBS.s 			page 23


 755              	.LFE144:
 757              		.section	.text.HAL_DBGMCU_DisableDBGStandbyMode,"ax",%progbits
 758              		.align	1
 759              		.p2align 2,,3
 760              		.global	HAL_DBGMCU_DisableDBGStandbyMode
 761              		.syntax unified
 762              		.thumb
 763              		.thumb_func
 764              		.fpu fpv4-sp-d16
 766              	HAL_DBGMCU_DisableDBGStandbyMode:
 767              	.LFB145:
 511:Drivers/STM32F4xx_HAL_Driver/Src/stm32f4xx_hal.c **** }
 512:Drivers/STM32F4xx_HAL_Driver/Src/stm32f4xx_hal.c **** 
 513:Drivers/STM32F4xx_HAL_Driver/Src/stm32f4xx_hal.c **** /**
 514:Drivers/STM32F4xx_HAL_Driver/Src/stm32f4xx_hal.c ****   * @brief  Disable the Debug Module during STANDBY mode
 515:Drivers/STM32F4xx_HAL_Driver/Src/stm32f4xx_hal.c ****   * @retval None
 516:Drivers/STM32F4xx_HAL_Driver/Src/stm32f4xx_hal.c ****   */
 517:Drivers/STM32F4xx_HAL_Driver/Src/stm32f4xx_hal.c **** void HAL_DBGMCU_DisableDBGStandbyMode(void)
 518:Drivers/STM32F4xx_HAL_Driver/Src/stm32f4xx_hal.c **** {
 768              		.loc 1 518 0
 769              		.cfi_startproc
 770              		@ args = 0, pretend = 0, frame = 0
 771              		@ frame_needed = 0, uses_anonymous_args = 0
 772              		@ link register save eliminated.
 519:Drivers/STM32F4xx_HAL_Driver/Src/stm32f4xx_hal.c ****   CLEAR_BIT(DBGMCU->CR, DBGMCU_CR_DBG_STANDBY);
 773              		.loc 1 519 0
 774 0000 024A     		ldr	r2, .L79
 775 0002 5368     		ldr	r3, [r2, #4]
 776 0004 23F00403 		bic	r3, r3, #4
 777 0008 5360     		str	r3, [r2, #4]
 778 000a 7047     		bx	lr
 779              	.L80:
 780              		.align	2
 781              	.L79:
 782 000c 002004E0 		.word	-536600576
 783              		.cfi_endproc
 784              	.LFE145:
 786              		.section	.text.HAL_EnableCompensationCell,"ax",%progbits
 787              		.align	1
 788              		.p2align 2,,3
 789              		.global	HAL_EnableCompensationCell
 790              		.syntax unified
 791              		.thumb
 792              		.thumb_func
 793              		.fpu fpv4-sp-d16
 795              	HAL_EnableCompensationCell:
 796              	.LFB146:
 520:Drivers/STM32F4xx_HAL_Driver/Src/stm32f4xx_hal.c **** }
 521:Drivers/STM32F4xx_HAL_Driver/Src/stm32f4xx_hal.c **** 
 522:Drivers/STM32F4xx_HAL_Driver/Src/stm32f4xx_hal.c **** /**
 523:Drivers/STM32F4xx_HAL_Driver/Src/stm32f4xx_hal.c ****   * @brief  Enables the I/O Compensation Cell.
 524:Drivers/STM32F4xx_HAL_Driver/Src/stm32f4xx_hal.c ****   * @note   The I/O compensation cell can be used only when the device supply
 525:Drivers/STM32F4xx_HAL_Driver/Src/stm32f4xx_hal.c ****   *         voltage ranges from 2.4 to 3.6 V.  
 526:Drivers/STM32F4xx_HAL_Driver/Src/stm32f4xx_hal.c ****   * @retval None
 527:Drivers/STM32F4xx_HAL_Driver/Src/stm32f4xx_hal.c ****   */
 528:Drivers/STM32F4xx_HAL_Driver/Src/stm32f4xx_hal.c **** void HAL_EnableCompensationCell(void)
 529:Drivers/STM32F4xx_HAL_Driver/Src/stm32f4xx_hal.c **** {
ARM GAS  /tmp/cczy9fBS.s 			page 24


 797              		.loc 1 529 0
 798              		.cfi_startproc
 799              		@ args = 0, pretend = 0, frame = 0
 800              		@ frame_needed = 0, uses_anonymous_args = 0
 801              		@ link register save eliminated.
 530:Drivers/STM32F4xx_HAL_Driver/Src/stm32f4xx_hal.c ****   *(__IO uint32_t *)CMPCR_CMP_PD_BB = (uint32_t)ENABLE;
 802              		.loc 1 530 0
 803 0000 014B     		ldr	r3, .L82
 804 0002 0122     		movs	r2, #1
 805 0004 1A60     		str	r2, [r3]
 806 0006 7047     		bx	lr
 807              	.L83:
 808              		.align	2
 809              	.L82:
 810 0008 00042742 		.word	1109853184
 811              		.cfi_endproc
 812              	.LFE146:
 814              		.section	.text.HAL_DisableCompensationCell,"ax",%progbits
 815              		.align	1
 816              		.p2align 2,,3
 817              		.global	HAL_DisableCompensationCell
 818              		.syntax unified
 819              		.thumb
 820              		.thumb_func
 821              		.fpu fpv4-sp-d16
 823              	HAL_DisableCompensationCell:
 824              	.LFB147:
 531:Drivers/STM32F4xx_HAL_Driver/Src/stm32f4xx_hal.c **** }
 532:Drivers/STM32F4xx_HAL_Driver/Src/stm32f4xx_hal.c **** 
 533:Drivers/STM32F4xx_HAL_Driver/Src/stm32f4xx_hal.c **** /**
 534:Drivers/STM32F4xx_HAL_Driver/Src/stm32f4xx_hal.c ****   * @brief  Power-down the I/O Compensation Cell.
 535:Drivers/STM32F4xx_HAL_Driver/Src/stm32f4xx_hal.c ****   * @note   The I/O compensation cell can be used only when the device supply
 536:Drivers/STM32F4xx_HAL_Driver/Src/stm32f4xx_hal.c ****   *         voltage ranges from 2.4 to 3.6 V.  
 537:Drivers/STM32F4xx_HAL_Driver/Src/stm32f4xx_hal.c ****   * @retval None
 538:Drivers/STM32F4xx_HAL_Driver/Src/stm32f4xx_hal.c ****   */
 539:Drivers/STM32F4xx_HAL_Driver/Src/stm32f4xx_hal.c **** void HAL_DisableCompensationCell(void)
 540:Drivers/STM32F4xx_HAL_Driver/Src/stm32f4xx_hal.c **** {
 825              		.loc 1 540 0
 826              		.cfi_startproc
 827              		@ args = 0, pretend = 0, frame = 0
 828              		@ frame_needed = 0, uses_anonymous_args = 0
 829              		@ link register save eliminated.
 541:Drivers/STM32F4xx_HAL_Driver/Src/stm32f4xx_hal.c ****   *(__IO uint32_t *)CMPCR_CMP_PD_BB = (uint32_t)DISABLE;
 830              		.loc 1 541 0
 831 0000 014B     		ldr	r3, .L85
 832 0002 0022     		movs	r2, #0
 833 0004 1A60     		str	r2, [r3]
 834 0006 7047     		bx	lr
 835              	.L86:
 836              		.align	2
 837              	.L85:
 838 0008 00042742 		.word	1109853184
 839              		.cfi_endproc
 840              	.LFE147:
 842              		.section	.text.HAL_GetUID,"ax",%progbits
 843              		.align	1
 844              		.p2align 2,,3
ARM GAS  /tmp/cczy9fBS.s 			page 25


 845              		.global	HAL_GetUID
 846              		.syntax unified
 847              		.thumb
 848              		.thumb_func
 849              		.fpu fpv4-sp-d16
 851              	HAL_GetUID:
 852              	.LFB148:
 542:Drivers/STM32F4xx_HAL_Driver/Src/stm32f4xx_hal.c **** }
 543:Drivers/STM32F4xx_HAL_Driver/Src/stm32f4xx_hal.c **** 
 544:Drivers/STM32F4xx_HAL_Driver/Src/stm32f4xx_hal.c **** /**
 545:Drivers/STM32F4xx_HAL_Driver/Src/stm32f4xx_hal.c ****   * @brief Return the unique device identifier (UID based on 96 bits)
 546:Drivers/STM32F4xx_HAL_Driver/Src/stm32f4xx_hal.c ****   * @param UID pointer to 3 words array.
 547:Drivers/STM32F4xx_HAL_Driver/Src/stm32f4xx_hal.c ****   * @retval Device identifier
 548:Drivers/STM32F4xx_HAL_Driver/Src/stm32f4xx_hal.c ****   */
 549:Drivers/STM32F4xx_HAL_Driver/Src/stm32f4xx_hal.c **** void HAL_GetUID(uint32_t *UID)
 550:Drivers/STM32F4xx_HAL_Driver/Src/stm32f4xx_hal.c **** {
 853              		.loc 1 550 0
 854              		.cfi_startproc
 855              		@ args = 0, pretend = 0, frame = 0
 856              		@ frame_needed = 0, uses_anonymous_args = 0
 857              		@ link register save eliminated.
 858              	.LVL23:
 551:Drivers/STM32F4xx_HAL_Driver/Src/stm32f4xx_hal.c ****   UID[0] = (uint32_t)(READ_REG(*((uint32_t *)UID_BASE)));
 859              		.loc 1 551 0
 860 0000 044B     		ldr	r3, .L88
 552:Drivers/STM32F4xx_HAL_Driver/Src/stm32f4xx_hal.c ****   UID[1] = (uint32_t)(READ_REG(*((uint32_t *)(UID_BASE + 4U))));
 861              		.loc 1 552 0
 862 0002 054A     		ldr	r2, .L88+4
 551:Drivers/STM32F4xx_HAL_Driver/Src/stm32f4xx_hal.c ****   UID[0] = (uint32_t)(READ_REG(*((uint32_t *)UID_BASE)));
 863              		.loc 1 551 0
 864 0004 1968     		ldr	r1, [r3]
 865 0006 0160     		str	r1, [r0]
 866              		.loc 1 552 0
 867 0008 1268     		ldr	r2, [r2]
 868 000a 4260     		str	r2, [r0, #4]
 553:Drivers/STM32F4xx_HAL_Driver/Src/stm32f4xx_hal.c ****   UID[2] = (uint32_t)(READ_REG(*((uint32_t *)(UID_BASE + 8U))));
 869              		.loc 1 553 0
 870 000c 0833     		adds	r3, r3, #8
 871 000e 1B68     		ldr	r3, [r3]
 872 0010 8360     		str	r3, [r0, #8]
 873 0012 7047     		bx	lr
 874              	.L89:
 875              		.align	2
 876              	.L88:
 877 0014 107AFF1F 		.word	536836624
 878 0018 147AFF1F 		.word	536836628
 879              		.cfi_endproc
 880              	.LFE148:
 882              		.global	uwTickFreq
 883              		.global	uwTickPrio
 884              		.comm	uwTick,4,4
 885              		.section	.data.uwTickFreq,"aw",%progbits
 886              		.set	.LANCHOR0,. + 0
 889              	uwTickFreq:
 890 0000 01       		.byte	1
 891              		.section	.data.uwTickPrio,"aw",%progbits
 892              		.align	2
ARM GAS  /tmp/cczy9fBS.s 			page 26


 893              		.set	.LANCHOR1,. + 0
 896              	uwTickPrio:
 897 0000 10000000 		.word	16
 898              		.text
 899              	.Letext0:
 900              		.file 2 "/usr/include/newlib/machine/_default_types.h"
 901              		.file 3 "/usr/include/newlib/sys/_stdint.h"
 902              		.file 4 "Drivers/CMSIS/Include/core_cm4.h"
 903              		.file 5 "Drivers/CMSIS/Device/ST/STM32F4xx/Include/system_stm32f4xx.h"
 904              		.file 6 "Drivers/CMSIS/Device/ST/STM32F4xx/Include/stm32f407xx.h"
 905              		.file 7 "Drivers/CMSIS/Device/ST/STM32F4xx/Include/stm32f4xx.h"
 906              		.file 8 "/usr/include/newlib/sys/lock.h"
 907              		.file 9 "/usr/include/newlib/sys/_types.h"
 908              		.file 10 "/usr/lib/gcc/arm-none-eabi/6.3.1/include/stddef.h"
 909              		.file 11 "/usr/include/newlib/sys/reent.h"
 910              		.file 12 "Drivers/STM32F4xx_HAL_Driver/Inc/stm32f4xx_hal_def.h"
 911              		.file 13 "Drivers/STM32F4xx_HAL_Driver/Inc/stm32f4xx_hal.h"
 912              		.file 14 "Drivers/STM32F4xx_HAL_Driver/Inc/stm32f4xx_hal_cortex.h"
ARM GAS  /tmp/cczy9fBS.s 			page 27


DEFINED SYMBOLS
                            *ABS*:0000000000000000 stm32f4xx_hal.c
     /tmp/cczy9fBS.s:18     .text.HAL_MspInit:0000000000000000 $t
     /tmp/cczy9fBS.s:26     .text.HAL_MspInit:0000000000000000 HAL_MspInit
     /tmp/cczy9fBS.s:37     .text.HAL_MspDeInit:0000000000000000 $t
     /tmp/cczy9fBS.s:45     .text.HAL_MspDeInit:0000000000000000 HAL_MspDeInit
     /tmp/cczy9fBS.s:58     .text.HAL_DeInit:0000000000000000 $t
     /tmp/cczy9fBS.s:66     .text.HAL_DeInit:0000000000000000 HAL_DeInit
     /tmp/cczy9fBS.s:112    .text.HAL_DeInit:0000000000000028 $d
     /tmp/cczy9fBS.s:117    .text.HAL_InitTick:0000000000000000 $t
     /tmp/cczy9fBS.s:125    .text.HAL_InitTick:0000000000000000 HAL_InitTick
     /tmp/cczy9fBS.s:184    .text.HAL_InitTick:000000000000003c $d
     /tmp/cczy9fBS.s:193    .text.HAL_Init:0000000000000000 $t
     /tmp/cczy9fBS.s:201    .text.HAL_Init:0000000000000000 HAL_Init
     /tmp/cczy9fBS.s:242    .text.HAL_Init:0000000000000030 $d
     /tmp/cczy9fBS.s:247    .text.HAL_IncTick:0000000000000000 $t
     /tmp/cczy9fBS.s:255    .text.HAL_IncTick:0000000000000000 HAL_IncTick
     /tmp/cczy9fBS.s:273    .text.HAL_IncTick:0000000000000010 $d
                            *COM*:0000000000000004 uwTick
     /tmp/cczy9fBS.s:279    .text.HAL_GetTick:0000000000000000 $t
     /tmp/cczy9fBS.s:287    .text.HAL_GetTick:0000000000000000 HAL_GetTick
     /tmp/cczy9fBS.s:302    .text.HAL_GetTick:0000000000000008 $d
     /tmp/cczy9fBS.s:307    .text.HAL_GetTickPrio:0000000000000000 $t
     /tmp/cczy9fBS.s:315    .text.HAL_GetTickPrio:0000000000000000 HAL_GetTickPrio
     /tmp/cczy9fBS.s:330    .text.HAL_GetTickPrio:0000000000000008 $d
     /tmp/cczy9fBS.s:335    .text.HAL_SetTickFreq:0000000000000000 $t
     /tmp/cczy9fBS.s:343    .text.HAL_SetTickFreq:0000000000000000 HAL_SetTickFreq
     /tmp/cczy9fBS.s:380    .text.HAL_SetTickFreq:000000000000001c $d
     /tmp/cczy9fBS.s:386    .text.HAL_GetTickFreq:0000000000000000 $t
     /tmp/cczy9fBS.s:394    .text.HAL_GetTickFreq:0000000000000000 HAL_GetTickFreq
     /tmp/cczy9fBS.s:409    .text.HAL_GetTickFreq:0000000000000008 $d
     /tmp/cczy9fBS.s:414    .text.HAL_Delay:0000000000000000 $t
     /tmp/cczy9fBS.s:422    .text.HAL_Delay:0000000000000000 HAL_Delay
     /tmp/cczy9fBS.s:466    .text.HAL_Delay:0000000000000020 $d
     /tmp/cczy9fBS.s:471    .text.HAL_SuspendTick:0000000000000000 $t
     /tmp/cczy9fBS.s:479    .text.HAL_SuspendTick:0000000000000000 HAL_SuspendTick
     /tmp/cczy9fBS.s:495    .text.HAL_SuspendTick:000000000000000c $d
     /tmp/cczy9fBS.s:500    .text.HAL_ResumeTick:0000000000000000 $t
     /tmp/cczy9fBS.s:508    .text.HAL_ResumeTick:0000000000000000 HAL_ResumeTick
     /tmp/cczy9fBS.s:524    .text.HAL_ResumeTick:000000000000000c $d
     /tmp/cczy9fBS.s:529    .text.HAL_GetHalVersion:0000000000000000 $t
     /tmp/cczy9fBS.s:537    .text.HAL_GetHalVersion:0000000000000000 HAL_GetHalVersion
     /tmp/cczy9fBS.s:550    .text.HAL_GetHalVersion:0000000000000004 $d
     /tmp/cczy9fBS.s:555    .text.HAL_GetREVID:0000000000000000 $t
     /tmp/cczy9fBS.s:563    .text.HAL_GetREVID:0000000000000000 HAL_GetREVID
     /tmp/cczy9fBS.s:579    .text.HAL_GetREVID:0000000000000008 $d
     /tmp/cczy9fBS.s:584    .text.HAL_GetDEVID:0000000000000000 $t
     /tmp/cczy9fBS.s:592    .text.HAL_GetDEVID:0000000000000000 HAL_GetDEVID
     /tmp/cczy9fBS.s:608    .text.HAL_GetDEVID:000000000000000c $d
     /tmp/cczy9fBS.s:613    .text.HAL_DBGMCU_EnableDBGSleepMode:0000000000000000 $t
     /tmp/cczy9fBS.s:621    .text.HAL_DBGMCU_EnableDBGSleepMode:0000000000000000 HAL_DBGMCU_EnableDBGSleepMode
     /tmp/cczy9fBS.s:637    .text.HAL_DBGMCU_EnableDBGSleepMode:000000000000000c $d
     /tmp/cczy9fBS.s:642    .text.HAL_DBGMCU_DisableDBGSleepMode:0000000000000000 $t
     /tmp/cczy9fBS.s:650    .text.HAL_DBGMCU_DisableDBGSleepMode:0000000000000000 HAL_DBGMCU_DisableDBGSleepMode
     /tmp/cczy9fBS.s:666    .text.HAL_DBGMCU_DisableDBGSleepMode:000000000000000c $d
     /tmp/cczy9fBS.s:671    .text.HAL_DBGMCU_EnableDBGStopMode:0000000000000000 $t
     /tmp/cczy9fBS.s:679    .text.HAL_DBGMCU_EnableDBGStopMode:0000000000000000 HAL_DBGMCU_EnableDBGStopMode
ARM GAS  /tmp/cczy9fBS.s 			page 28


     /tmp/cczy9fBS.s:695    .text.HAL_DBGMCU_EnableDBGStopMode:000000000000000c $d
     /tmp/cczy9fBS.s:700    .text.HAL_DBGMCU_DisableDBGStopMode:0000000000000000 $t
     /tmp/cczy9fBS.s:708    .text.HAL_DBGMCU_DisableDBGStopMode:0000000000000000 HAL_DBGMCU_DisableDBGStopMode
     /tmp/cczy9fBS.s:724    .text.HAL_DBGMCU_DisableDBGStopMode:000000000000000c $d
     /tmp/cczy9fBS.s:729    .text.HAL_DBGMCU_EnableDBGStandbyMode:0000000000000000 $t
     /tmp/cczy9fBS.s:737    .text.HAL_DBGMCU_EnableDBGStandbyMode:0000000000000000 HAL_DBGMCU_EnableDBGStandbyMode
     /tmp/cczy9fBS.s:753    .text.HAL_DBGMCU_EnableDBGStandbyMode:000000000000000c $d
     /tmp/cczy9fBS.s:758    .text.HAL_DBGMCU_DisableDBGStandbyMode:0000000000000000 $t
     /tmp/cczy9fBS.s:766    .text.HAL_DBGMCU_DisableDBGStandbyMode:0000000000000000 HAL_DBGMCU_DisableDBGStandbyMode
     /tmp/cczy9fBS.s:782    .text.HAL_DBGMCU_DisableDBGStandbyMode:000000000000000c $d
     /tmp/cczy9fBS.s:787    .text.HAL_EnableCompensationCell:0000000000000000 $t
     /tmp/cczy9fBS.s:795    .text.HAL_EnableCompensationCell:0000000000000000 HAL_EnableCompensationCell
     /tmp/cczy9fBS.s:810    .text.HAL_EnableCompensationCell:0000000000000008 $d
     /tmp/cczy9fBS.s:815    .text.HAL_DisableCompensationCell:0000000000000000 $t
     /tmp/cczy9fBS.s:823    .text.HAL_DisableCompensationCell:0000000000000000 HAL_DisableCompensationCell
     /tmp/cczy9fBS.s:838    .text.HAL_DisableCompensationCell:0000000000000008 $d
     /tmp/cczy9fBS.s:843    .text.HAL_GetUID:0000000000000000 $t
     /tmp/cczy9fBS.s:851    .text.HAL_GetUID:0000000000000000 HAL_GetUID
     /tmp/cczy9fBS.s:877    .text.HAL_GetUID:0000000000000014 $d
     /tmp/cczy9fBS.s:889    .data.uwTickFreq:0000000000000000 uwTickFreq
     /tmp/cczy9fBS.s:896    .data.uwTickPrio:0000000000000000 uwTickPrio
     /tmp/cczy9fBS.s:892    .data.uwTickPrio:0000000000000000 $d
                     .debug_frame:0000000000000010 $d

UNDEFINED SYMBOLS
HAL_SYSTICK_Config
HAL_NVIC_SetPriority
SystemCoreClock
HAL_NVIC_SetPriorityGrouping
